[0.140s] Invoking command in '/home/ubuntu/ros2_ws/build/testing_ros2': CMAKE_PREFIX_PATH=${CMAKE_PREFIX_PATH}:/home/ubuntu/ros2_ws/install/my_ahrs:/home/ubuntu/ros2_ws/install/lsm6dso:/home/ubuntu/ros2_ws/install/esc_pkg:/home/ubuntu/ros2_ws/install/bmm150_sensor:/opt/ros/humble /usr/bin/cmake /home/ubuntu/ros2_ws/src/testing_ros2 -DCMAKE_INSTALL_PREFIX=/home/ubuntu/ros2_ws/install/testing_ros2
[0.966s] -- The C compiler identification is GNU 11.4.0
[1.669s] -- The CXX compiler identification is GNU 11.4.0
[1.762s] -- Detecting C compiler ABI info
[2.721s] -- Detecting C compiler ABI info - done
[2.840s] -- Check for working C compiler: /usr/bin/cc - skipped
[2.850s] -- Detecting C compile features
[2.858s] -- Detecting C compile features - done
[2.906s] -- Detecting CXX compiler ABI info
[3.934s] -- Detecting CXX compiler ABI info - done
[4.074s] -- Check for working CXX compiler: /usr/bin/c++ - skipped
[4.093s] -- Detecting CXX compile features
[4.094s] -- Detecting CXX compile features - done
[4.190s] -- Found ament_cmake: 1.3.9 (/opt/ros/humble/share/ament_cmake/cmake)
[6.546s] -- Found Python3: /usr/bin/python3 (found version "3.10.12") found components: Interpreter 
[8.450s] -- Found ament_cmake_ros: 0.10.0 (/opt/ros/humble/share/ament_cmake_ros/cmake)
[8.768s] -- Found rclcpp: 16.0.9 (/opt/ros/humble/share/rclcpp/cmake)
[9.862s] -- Found rosidl_generator_c: 3.1.5 (/opt/ros/humble/share/rosidl_generator_c/cmake)
[9.915s] -- Found rosidl_adapter: 3.1.5 (/opt/ros/humble/share/rosidl_adapter/cmake)
[10.067s] -- Found rosidl_generator_cpp: 3.1.5 (/opt/ros/humble/share/rosidl_generator_cpp/cmake)
[10.336s] -- Using all available rosidl_typesupport_c: rosidl_typesupport_fastrtps_c;rosidl_typesupport_introspection_c
[10.737s] -- Using all available rosidl_typesupport_cpp: rosidl_typesupport_fastrtps_cpp;rosidl_typesupport_introspection_cpp
[12.262s] -- Found rmw_implementation_cmake: 6.1.2 (/opt/ros/humble/share/rmw_implementation_cmake/cmake)
[12.431s] -- Found rmw_fastrtps_cpp: 6.2.6 (/opt/ros/humble/share/rmw_fastrtps_cpp/cmake)
[14.197s] -- Found OpenSSL: /usr/lib/aarch64-linux-gnu/libcrypto.so (found version "3.0.2")  
[14.703s] -- Found FastRTPS: /opt/ros/humble/include  
[15.734s] -- Using RMW implementation 'rmw_fastrtps_cpp' as default
[16.147s] -- Looking for pthread.h
[16.989s] -- Looking for pthread.h - found
[16.994s] -- Performing Test CMAKE_HAVE_LIBC_PTHREAD
[18.310s] -- Performing Test CMAKE_HAVE_LIBC_PTHREAD - Success
[18.328s] -- Found Threads: TRUE  
[21.607s] -- Found sensor_msgs: 4.2.4 (/opt/ros/humble/share/sensor_msgs/cmake)
[24.495s] -- Configuring done
[24.747s] -- Generating done
[24.792s] -- Build files have been written to: /home/ubuntu/ros2_ws/build/testing_ros2
[24.942s] Invoked command in '/home/ubuntu/ros2_ws/build/testing_ros2' returned '0': CMAKE_PREFIX_PATH=${CMAKE_PREFIX_PATH}:/home/ubuntu/ros2_ws/install/my_ahrs:/home/ubuntu/ros2_ws/install/lsm6dso:/home/ubuntu/ros2_ws/install/esc_pkg:/home/ubuntu/ros2_ws/install/bmm150_sensor:/opt/ros/humble /usr/bin/cmake /home/ubuntu/ros2_ws/src/testing_ros2 -DCMAKE_INSTALL_PREFIX=/home/ubuntu/ros2_ws/install/testing_ros2
[24.966s] Invoking command in '/home/ubuntu/ros2_ws/build/testing_ros2': CMAKE_PREFIX_PATH=${CMAKE_PREFIX_PATH}:/home/ubuntu/ros2_ws/install/my_ahrs:/home/ubuntu/ros2_ws/install/lsm6dso:/home/ubuntu/ros2_ws/install/esc_pkg:/home/ubuntu/ros2_ws/install/bmm150_sensor:/opt/ros/humble /usr/bin/cmake --build /home/ubuntu/ros2_ws/build/testing_ros2 -- -j4 -l4
[25.135s] /usr/bin/cmake -S/home/ubuntu/ros2_ws/src/testing_ros2 -B/home/ubuntu/ros2_ws/build/testing_ros2 --check-build-system CMakeFiles/Makefile.cmake 0
[25.380s] /usr/bin/cmake -E cmake_progress_start /home/ubuntu/ros2_ws/build/testing_ros2/CMakeFiles /home/ubuntu/ros2_ws/build/testing_ros2//CMakeFiles/progress.marks
[25.501s] /usr/bin/gmake  -f CMakeFiles/Makefile2 all
[25.521s] gmake[1]: Entering directory '/home/ubuntu/ros2_ws/build/testing_ros2'
[25.522s] /usr/bin/gmake  -f CMakeFiles/testing_ros2.dir/build.make CMakeFiles/testing_ros2.dir/depend
[25.545s] gmake[2]: Entering directory '/home/ubuntu/ros2_ws/build/testing_ros2'
[25.546s] cd /home/ubuntu/ros2_ws/build/testing_ros2 && /usr/bin/cmake -E cmake_depends "Unix Makefiles" /home/ubuntu/ros2_ws/src/testing_ros2 /home/ubuntu/ros2_ws/src/testing_ros2 /home/ubuntu/ros2_ws/build/testing_ros2 /home/ubuntu/ros2_ws/build/testing_ros2 /home/ubuntu/ros2_ws/build/testing_ros2/CMakeFiles/testing_ros2.dir/DependInfo.cmake --color=
[25.735s] gmake[2]: Leaving directory '/home/ubuntu/ros2_ws/build/testing_ros2'
[25.736s] /usr/bin/gmake  -f CMakeFiles/testing_ros2.dir/build.make CMakeFiles/testing_ros2.dir/build
[25.765s] gmake[2]: Entering directory '/home/ubuntu/ros2_ws/build/testing_ros2'
[25.870s] [  6%] Building C object CMakeFiles/testing_ros2.dir/src/ext_svr.c.o
[25.881s] /usr/bin/cc -DDEFAULT_RMW_IMPLEMENTATION=rmw_fastrtps_cpp -DRCUTILS_ENABLE_FAULT_INJECTION -DROS_PACKAGE_NAME=\"testing_ros2\" -I/home/ubuntu/ros2_ws/src/testing_ros2/include/testing_ros2 -I/home/ubuntu/ros2_ws/src/testing_ros2/include -isystem /opt/ros/humble/include/rclcpp -isystem /opt/ros/humble/include/sensor_msgs -isystem /opt/ros/humble/include/ament_index_cpp -isystem /opt/ros/humble/include/libstatistics_collector -isystem /opt/ros/humble/include/builtin_interfaces -isystem /opt/ros/humble/include/rosidl_runtime_c -isystem /opt/ros/humble/include/rcutils -isystem /opt/ros/humble/include/rosidl_typesupport_interface -isystem /opt/ros/humble/include/fastcdr -isystem /opt/ros/humble/include/rosidl_runtime_cpp -isystem /opt/ros/humble/include/rosidl_typesupport_fastrtps_cpp -isystem /opt/ros/humble/include/rmw -isystem /opt/ros/humble/include/rosidl_typesupport_fastrtps_c -isystem /opt/ros/humble/include/rosidl_typesupport_introspection_c -isystem /opt/ros/humble/include/rosidl_typesupport_introspection_cpp -isystem /opt/ros/humble/include/rcl -isystem /opt/ros/humble/include/rcl_interfaces -isystem /opt/ros/humble/include/rcl_logging_interface -isystem /opt/ros/humble/include/rcl_yaml_param_parser -isystem /opt/ros/humble/include/libyaml_vendor -isystem /opt/ros/humble/include/tracetools -isystem /opt/ros/humble/include/rcpputils -isystem /opt/ros/humble/include/statistics_msgs -isystem /opt/ros/humble/include/rosgraph_msgs -isystem /opt/ros/humble/include/rosidl_typesupport_cpp -isystem /opt/ros/humble/include/rosidl_typesupport_c -isystem /opt/ros/humble/include/geometry_msgs -isystem /opt/ros/humble/include/std_msgs -O3 -DNDEBUG -Wall -Wextra -Wpedantic -DMODEL=testing_ros2 -DNUMST=1 -DNCSTATES=0 -DHAVESTDIO -DMODEL_HAS_DYNAMICALLY_LOADED_SFCNS=0 -DON_TARGET_WAIT_FOR_START=1 -DCLASSIC_INTERFACE=0 -DALLOCATIONFCN=0 -DTID01EQ=0 -DTERMFCN=1 -DONESTEPFCN=1 -DMAT_FILE=0 -DMULTI_INSTANCE_CODE=0 -DEXT_MODE=1 -DINTEGER_CODE=0 -DMT=0 -DROS2_PROJECT -DSTACK_SIZE=64 -D__MW_TARGET_USE_HARDWARE_RESOURCES_H__ -DRT=RT -fpermissive -std=gnu99 -MD -MT CMakeFiles/testing_ros2.dir/src/ext_svr.c.o -MF CMakeFiles/testing_ros2.dir/src/ext_svr.c.o.d -o CMakeFiles/testing_ros2.dir/src/ext_svr.c.o -c /home/ubuntu/ros2_ws/src/testing_ros2/src/ext_svr.c
[25.946s] cc1: warning: command-line option '-fpermissive' is valid for C++/ObjC++ but not for C
[28.495s] [ 12%] Building C object CMakeFiles/testing_ros2.dir/src/updown.c.o
[28.503s] /usr/bin/cc -DDEFAULT_RMW_IMPLEMENTATION=rmw_fastrtps_cpp -DRCUTILS_ENABLE_FAULT_INJECTION -DROS_PACKAGE_NAME=\"testing_ros2\" -I/home/ubuntu/ros2_ws/src/testing_ros2/include/testing_ros2 -I/home/ubuntu/ros2_ws/src/testing_ros2/include -isystem /opt/ros/humble/include/rclcpp -isystem /opt/ros/humble/include/sensor_msgs -isystem /opt/ros/humble/include/ament_index_cpp -isystem /opt/ros/humble/include/libstatistics_collector -isystem /opt/ros/humble/include/builtin_interfaces -isystem /opt/ros/humble/include/rosidl_runtime_c -isystem /opt/ros/humble/include/rcutils -isystem /opt/ros/humble/include/rosidl_typesupport_interface -isystem /opt/ros/humble/include/fastcdr -isystem /opt/ros/humble/include/rosidl_runtime_cpp -isystem /opt/ros/humble/include/rosidl_typesupport_fastrtps_cpp -isystem /opt/ros/humble/include/rmw -isystem /opt/ros/humble/include/rosidl_typesupport_fastrtps_c -isystem /opt/ros/humble/include/rosidl_typesupport_introspection_c -isystem /opt/ros/humble/include/rosidl_typesupport_introspection_cpp -isystem /opt/ros/humble/include/rcl -isystem /opt/ros/humble/include/rcl_interfaces -isystem /opt/ros/humble/include/rcl_logging_interface -isystem /opt/ros/humble/include/rcl_yaml_param_parser -isystem /opt/ros/humble/include/libyaml_vendor -isystem /opt/ros/humble/include/tracetools -isystem /opt/ros/humble/include/rcpputils -isystem /opt/ros/humble/include/statistics_msgs -isystem /opt/ros/humble/include/rosgraph_msgs -isystem /opt/ros/humble/include/rosidl_typesupport_cpp -isystem /opt/ros/humble/include/rosidl_typesupport_c -isystem /opt/ros/humble/include/geometry_msgs -isystem /opt/ros/humble/include/std_msgs -O3 -DNDEBUG -Wall -Wextra -Wpedantic -DMODEL=testing_ros2 -DNUMST=1 -DNCSTATES=0 -DHAVESTDIO -DMODEL_HAS_DYNAMICALLY_LOADED_SFCNS=0 -DON_TARGET_WAIT_FOR_START=1 -DCLASSIC_INTERFACE=0 -DALLOCATIONFCN=0 -DTID01EQ=0 -DTERMFCN=1 -DONESTEPFCN=1 -DMAT_FILE=0 -DMULTI_INSTANCE_CODE=0 -DEXT_MODE=1 -DINTEGER_CODE=0 -DMT=0 -DROS2_PROJECT -DSTACK_SIZE=64 -D__MW_TARGET_USE_HARDWARE_RESOURCES_H__ -DRT=RT -fpermissive -std=gnu99 -MD -MT CMakeFiles/testing_ros2.dir/src/updown.c.o -MF CMakeFiles/testing_ros2.dir/src/updown.c.o.d -o CMakeFiles/testing_ros2.dir/src/updown.c.o -c /home/ubuntu/ros2_ws/src/testing_ros2/src/updown.c
[28.594s] cc1: warning: command-line option '-fpermissive' is valid for C++/ObjC++ but not for C
[31.938s] [ 18%] Building C object CMakeFiles/testing_ros2.dir/src/rtiostream_tcpip.c.o
[31.954s] /usr/bin/cc -DDEFAULT_RMW_IMPLEMENTATION=rmw_fastrtps_cpp -DRCUTILS_ENABLE_FAULT_INJECTION -DROS_PACKAGE_NAME=\"testing_ros2\" -I/home/ubuntu/ros2_ws/src/testing_ros2/include/testing_ros2 -I/home/ubuntu/ros2_ws/src/testing_ros2/include -isystem /opt/ros/humble/include/rclcpp -isystem /opt/ros/humble/include/sensor_msgs -isystem /opt/ros/humble/include/ament_index_cpp -isystem /opt/ros/humble/include/libstatistics_collector -isystem /opt/ros/humble/include/builtin_interfaces -isystem /opt/ros/humble/include/rosidl_runtime_c -isystem /opt/ros/humble/include/rcutils -isystem /opt/ros/humble/include/rosidl_typesupport_interface -isystem /opt/ros/humble/include/fastcdr -isystem /opt/ros/humble/include/rosidl_runtime_cpp -isystem /opt/ros/humble/include/rosidl_typesupport_fastrtps_cpp -isystem /opt/ros/humble/include/rmw -isystem /opt/ros/humble/include/rosidl_typesupport_fastrtps_c -isystem /opt/ros/humble/include/rosidl_typesupport_introspection_c -isystem /opt/ros/humble/include/rosidl_typesupport_introspection_cpp -isystem /opt/ros/humble/include/rcl -isystem /opt/ros/humble/include/rcl_interfaces -isystem /opt/ros/humble/include/rcl_logging_interface -isystem /opt/ros/humble/include/rcl_yaml_param_parser -isystem /opt/ros/humble/include/libyaml_vendor -isystem /opt/ros/humble/include/tracetools -isystem /opt/ros/humble/include/rcpputils -isystem /opt/ros/humble/include/statistics_msgs -isystem /opt/ros/humble/include/rosgraph_msgs -isystem /opt/ros/humble/include/rosidl_typesupport_cpp -isystem /opt/ros/humble/include/rosidl_typesupport_c -isystem /opt/ros/humble/include/geometry_msgs -isystem /opt/ros/humble/include/std_msgs -O3 -DNDEBUG -Wall -Wextra -Wpedantic -DMODEL=testing_ros2 -DNUMST=1 -DNCSTATES=0 -DHAVESTDIO -DMODEL_HAS_DYNAMICALLY_LOADED_SFCNS=0 -DON_TARGET_WAIT_FOR_START=1 -DCLASSIC_INTERFACE=0 -DALLOCATIONFCN=0 -DTID01EQ=0 -DTERMFCN=1 -DONESTEPFCN=1 -DMAT_FILE=0 -DMULTI_INSTANCE_CODE=0 -DEXT_MODE=1 -DINTEGER_CODE=0 -DMT=0 -DROS2_PROJECT -DSTACK_SIZE=64 -D__MW_TARGET_USE_HARDWARE_RESOURCES_H__ -DRT=RT -fpermissive -std=gnu99 -MD -MT CMakeFiles/testing_ros2.dir/src/rtiostream_tcpip.c.o -MF CMakeFiles/testing_ros2.dir/src/rtiostream_tcpip.c.o.d -o CMakeFiles/testing_ros2.dir/src/rtiostream_tcpip.c.o -c /home/ubuntu/ros2_ws/src/testing_ros2/src/rtiostream_tcpip.c
[32.024s] cc1: warning: command-line option '-fpermissive' is valid for C++/ObjC++ but not for C
[37.390s] [ 25%] Building C object CMakeFiles/testing_ros2.dir/src/rtiostream_utils.c.o
[37.407s] /usr/bin/cc -DDEFAULT_RMW_IMPLEMENTATION=rmw_fastrtps_cpp -DRCUTILS_ENABLE_FAULT_INJECTION -DROS_PACKAGE_NAME=\"testing_ros2\" -I/home/ubuntu/ros2_ws/src/testing_ros2/include/testing_ros2 -I/home/ubuntu/ros2_ws/src/testing_ros2/include -isystem /opt/ros/humble/include/rclcpp -isystem /opt/ros/humble/include/sensor_msgs -isystem /opt/ros/humble/include/ament_index_cpp -isystem /opt/ros/humble/include/libstatistics_collector -isystem /opt/ros/humble/include/builtin_interfaces -isystem /opt/ros/humble/include/rosidl_runtime_c -isystem /opt/ros/humble/include/rcutils -isystem /opt/ros/humble/include/rosidl_typesupport_interface -isystem /opt/ros/humble/include/fastcdr -isystem /opt/ros/humble/include/rosidl_runtime_cpp -isystem /opt/ros/humble/include/rosidl_typesupport_fastrtps_cpp -isystem /opt/ros/humble/include/rmw -isystem /opt/ros/humble/include/rosidl_typesupport_fastrtps_c -isystem /opt/ros/humble/include/rosidl_typesupport_introspection_c -isystem /opt/ros/humble/include/rosidl_typesupport_introspection_cpp -isystem /opt/ros/humble/include/rcl -isystem /opt/ros/humble/include/rcl_interfaces -isystem /opt/ros/humble/include/rcl_logging_interface -isystem /opt/ros/humble/include/rcl_yaml_param_parser -isystem /opt/ros/humble/include/libyaml_vendor -isystem /opt/ros/humble/include/tracetools -isystem /opt/ros/humble/include/rcpputils -isystem /opt/ros/humble/include/statistics_msgs -isystem /opt/ros/humble/include/rosgraph_msgs -isystem /opt/ros/humble/include/rosidl_typesupport_cpp -isystem /opt/ros/humble/include/rosidl_typesupport_c -isystem /opt/ros/humble/include/geometry_msgs -isystem /opt/ros/humble/include/std_msgs -O3 -DNDEBUG -Wall -Wextra -Wpedantic -DMODEL=testing_ros2 -DNUMST=1 -DNCSTATES=0 -DHAVESTDIO -DMODEL_HAS_DYNAMICALLY_LOADED_SFCNS=0 -DON_TARGET_WAIT_FOR_START=1 -DCLASSIC_INTERFACE=0 -DALLOCATIONFCN=0 -DTID01EQ=0 -DTERMFCN=1 -DONESTEPFCN=1 -DMAT_FILE=0 -DMULTI_INSTANCE_CODE=0 -DEXT_MODE=1 -DINTEGER_CODE=0 -DMT=0 -DROS2_PROJECT -DSTACK_SIZE=64 -D__MW_TARGET_USE_HARDWARE_RESOURCES_H__ -DRT=RT -fpermissive -std=gnu99 -MD -MT CMakeFiles/testing_ros2.dir/src/rtiostream_utils.c.o -MF CMakeFiles/testing_ros2.dir/src/rtiostream_utils.c.o.d -o CMakeFiles/testing_ros2.dir/src/rtiostream_utils.c.o -c /home/ubuntu/ros2_ws/src/testing_ros2/src/rtiostream_utils.c
[37.495s] cc1: warning: command-line option '-fpermissive' is valid for C++/ObjC++ but not for C
[38.008s] [ 31%] Building CXX object CMakeFiles/testing_ros2.dir/src/main.cpp.o
[38.024s] /usr/bin/c++ -DDEFAULT_RMW_IMPLEMENTATION=rmw_fastrtps_cpp -DRCUTILS_ENABLE_FAULT_INJECTION -DROS_PACKAGE_NAME=\"testing_ros2\" -I/home/ubuntu/ros2_ws/src/testing_ros2/include/testing_ros2 -I/home/ubuntu/ros2_ws/src/testing_ros2/include -isystem /opt/ros/humble/include/rclcpp -isystem /opt/ros/humble/include/sensor_msgs -isystem /opt/ros/humble/include/ament_index_cpp -isystem /opt/ros/humble/include/libstatistics_collector -isystem /opt/ros/humble/include/builtin_interfaces -isystem /opt/ros/humble/include/rosidl_runtime_c -isystem /opt/ros/humble/include/rcutils -isystem /opt/ros/humble/include/rosidl_typesupport_interface -isystem /opt/ros/humble/include/fastcdr -isystem /opt/ros/humble/include/rosidl_runtime_cpp -isystem /opt/ros/humble/include/rosidl_typesupport_fastrtps_cpp -isystem /opt/ros/humble/include/rmw -isystem /opt/ros/humble/include/rosidl_typesupport_fastrtps_c -isystem /opt/ros/humble/include/rosidl_typesupport_introspection_c -isystem /opt/ros/humble/include/rosidl_typesupport_introspection_cpp -isystem /opt/ros/humble/include/rcl -isystem /opt/ros/humble/include/rcl_interfaces -isystem /opt/ros/humble/include/rcl_logging_interface -isystem /opt/ros/humble/include/rcl_yaml_param_parser -isystem /opt/ros/humble/include/libyaml_vendor -isystem /opt/ros/humble/include/tracetools -isystem /opt/ros/humble/include/rcpputils -isystem /opt/ros/humble/include/statistics_msgs -isystem /opt/ros/humble/include/rosgraph_msgs -isystem /opt/ros/humble/include/rosidl_typesupport_cpp -isystem /opt/ros/humble/include/rosidl_typesupport_c -isystem /opt/ros/humble/include/geometry_msgs -isystem /opt/ros/humble/include/std_msgs -O3 -DNDEBUG -Wall -Wextra -Wpedantic -DMODEL=testing_ros2 -DNUMST=1 -DNCSTATES=0 -DHAVESTDIO -DMODEL_HAS_DYNAMICALLY_LOADED_SFCNS=0 -DON_TARGET_WAIT_FOR_START=1 -DCLASSIC_INTERFACE=0 -DALLOCATIONFCN=0 -DTID01EQ=0 -DTERMFCN=1 -DONESTEPFCN=1 -DMAT_FILE=0 -DMULTI_INSTANCE_CODE=0 -DEXT_MODE=1 -DINTEGER_CODE=0 -DMT=0 -DROS2_PROJECT -DSTACK_SIZE=64 -D__MW_TARGET_USE_HARDWARE_RESOURCES_H__ -DRT=RT -fpermissive -MD -MT CMakeFiles/testing_ros2.dir/src/main.cpp.o -MF CMakeFiles/testing_ros2.dir/src/main.cpp.o.d -o CMakeFiles/testing_ros2.dir/src/main.cpp.o -c /home/ubuntu/ros2_ws/src/testing_ros2/src/main.cpp
[85.988s] [ 37%] Building CXX object CMakeFiles/testing_ros2.dir/src/ros2nodeinterface.cpp.o
[86.002s] /usr/bin/c++ -DDEFAULT_RMW_IMPLEMENTATION=rmw_fastrtps_cpp -DRCUTILS_ENABLE_FAULT_INJECTION -DROS_PACKAGE_NAME=\"testing_ros2\" -I/home/ubuntu/ros2_ws/src/testing_ros2/include/testing_ros2 -I/home/ubuntu/ros2_ws/src/testing_ros2/include -isystem /opt/ros/humble/include/rclcpp -isystem /opt/ros/humble/include/sensor_msgs -isystem /opt/ros/humble/include/ament_index_cpp -isystem /opt/ros/humble/include/libstatistics_collector -isystem /opt/ros/humble/include/builtin_interfaces -isystem /opt/ros/humble/include/rosidl_runtime_c -isystem /opt/ros/humble/include/rcutils -isystem /opt/ros/humble/include/rosidl_typesupport_interface -isystem /opt/ros/humble/include/fastcdr -isystem /opt/ros/humble/include/rosidl_runtime_cpp -isystem /opt/ros/humble/include/rosidl_typesupport_fastrtps_cpp -isystem /opt/ros/humble/include/rmw -isystem /opt/ros/humble/include/rosidl_typesupport_fastrtps_c -isystem /opt/ros/humble/include/rosidl_typesupport_introspection_c -isystem /opt/ros/humble/include/rosidl_typesupport_introspection_cpp -isystem /opt/ros/humble/include/rcl -isystem /opt/ros/humble/include/rcl_interfaces -isystem /opt/ros/humble/include/rcl_logging_interface -isystem /opt/ros/humble/include/rcl_yaml_param_parser -isystem /opt/ros/humble/include/libyaml_vendor -isystem /opt/ros/humble/include/tracetools -isystem /opt/ros/humble/include/rcpputils -isystem /opt/ros/humble/include/statistics_msgs -isystem /opt/ros/humble/include/rosgraph_msgs -isystem /opt/ros/humble/include/rosidl_typesupport_cpp -isystem /opt/ros/humble/include/rosidl_typesupport_c -isystem /opt/ros/humble/include/geometry_msgs -isystem /opt/ros/humble/include/std_msgs -O3 -DNDEBUG -Wall -Wextra -Wpedantic -DMODEL=testing_ros2 -DNUMST=1 -DNCSTATES=0 -DHAVESTDIO -DMODEL_HAS_DYNAMICALLY_LOADED_SFCNS=0 -DON_TARGET_WAIT_FOR_START=1 -DCLASSIC_INTERFACE=0 -DALLOCATIONFCN=0 -DTID01EQ=0 -DTERMFCN=1 -DONESTEPFCN=1 -DMAT_FILE=0 -DMULTI_INSTANCE_CODE=0 -DEXT_MODE=1 -DINTEGER_CODE=0 -DMT=0 -DROS2_PROJECT -DSTACK_SIZE=64 -D__MW_TARGET_USE_HARDWARE_RESOURCES_H__ -DRT=RT -fpermissive -MD -MT CMakeFiles/testing_ros2.dir/src/ros2nodeinterface.cpp.o -MF CMakeFiles/testing_ros2.dir/src/ros2nodeinterface.cpp.o.d -o CMakeFiles/testing_ros2.dir/src/ros2nodeinterface.cpp.o -c /home/ubuntu/ros2_ws/src/testing_ros2/src/ros2nodeinterface.cpp
[117.193s] In file included from /home/ubuntu/ros2_ws/src/testing_ros2/src/ros2nodeinterface.cpp:31:
[117.194s] /home/ubuntu/ros2_ws/src/testing_ros2/include/testing_ros2/ros2nodeinterface.h: In constructor 'ros2::matlab::NodeInterface::NodeInterface()':
[117.195s] /home/ubuntu/ros2_ws/src/testing_ros2/include/testing_ros2/ros2nodeinterface.h:77:38: warning: 'ros2::matlab::NodeInterface::mExtModeThread' will be initialized after [-Wreorder]
[117.196s]    77 |         std::shared_ptr<std::thread> mExtModeThread;
[117.197s]       |                                      ^~~~~~~~~~~~~~
[117.210s] /home/ubuntu/ros2_ws/src/testing_ros2/include/testing_ros2/ros2nodeinterface.h:74:15: warning:   'ros2::matlab::Semaphore ros2::matlab::NodeInterface::mStopSem' [-Wreorder]
[117.212s]    74 |     Semaphore mStopSem;
[117.213s]       |               ^~~~~~~~
[117.226s] /home/ubuntu/ros2_ws/src/testing_ros2/src/ros2nodeinterface.cpp:43:1: warning:   when initialized here [-Wreorder]
[117.227s]    43 | NodeInterface::NodeInterface()
[117.228s]       | ^~~~~~~~~~~~~
[117.280s] /home/ubuntu/ros2_ws/src/testing_ros2/src/ros2nodeinterface.cpp: In member function 'void ros2::matlab::NodeInterface::initialize(int, char* const*)':
[117.281s] /home/ubuntu/ros2_ws/src/testing_ros2/src/ros2nodeinterface.cpp:67:47: warning: ISO C++ forbids converting a string constant to 'char*' [-Wwrite-strings]
[117.282s]    67 |                         char* extmodeArg[] = {"-port","17725","-blocking","1","-verbose","0"};
[117.283s]       |                                               ^~~~~~~
[117.284s] /home/ubuntu/ros2_ws/src/testing_ros2/src/ros2nodeinterface.cpp:67:55: warning: ISO C++ forbids converting a string constant to 'char*' [-Wwrite-strings]
[117.285s]    67 |                         char* extmodeArg[] = {"-port","17725","-blocking","1","-verbose","0"};
[117.286s]       |                                                       ^~~~~~~
[117.287s] /home/ubuntu/ros2_ws/src/testing_ros2/src/ros2nodeinterface.cpp:67:63: warning: ISO C++ forbids converting a string constant to 'char*' [-Wwrite-strings]
[117.288s]    67 |                         char* extmodeArg[] = {"-port","17725","-blocking","1","-verbose","0"};
[117.289s]       |                                                               ^~~~~~~~~~~
[117.291s] /home/ubuntu/ros2_ws/src/testing_ros2/src/ros2nodeinterface.cpp:67:75: warning: ISO C++ forbids converting a string constant to 'char*' [-Wwrite-strings]
[117.292s]    67 |                         char* extmodeArg[] = {"-port","17725","-blocking","1","-verbose","0"};
[117.297s]       |                                                                           ^~~
[117.298s] /home/ubuntu/ros2_ws/src/testing_ros2/src/ros2nodeinterface.cpp:67:79: warning: ISO C++ forbids converting a string constant to 'char*' [-Wwrite-strings]
[117.299s]    67 |                         char* extmodeArg[] = {"-port","17725","-blocking","1","-verbose","0"};
[117.301s]       |                                                                               ^~~~~~~~~~
[117.302s] /home/ubuntu/ros2_ws/src/testing_ros2/src/ros2nodeinterface.cpp:67:90: warning: ISO C++ forbids converting a string constant to 'char*' [-Wwrite-strings]
[117.303s]    67 |                         char* extmodeArg[] = {"-port","17725","-blocking","1","-verbose","0"};
[117.304s]       |                                                                                          ^~~
[130.654s] [ 43%] Building CXX object CMakeFiles/testing_ros2.dir/src/rtGetInf.cpp.o
[130.670s] /usr/bin/c++ -DDEFAULT_RMW_IMPLEMENTATION=rmw_fastrtps_cpp -DRCUTILS_ENABLE_FAULT_INJECTION -DROS_PACKAGE_NAME=\"testing_ros2\" -I/home/ubuntu/ros2_ws/src/testing_ros2/include/testing_ros2 -I/home/ubuntu/ros2_ws/src/testing_ros2/include -isystem /opt/ros/humble/include/rclcpp -isystem /opt/ros/humble/include/sensor_msgs -isystem /opt/ros/humble/include/ament_index_cpp -isystem /opt/ros/humble/include/libstatistics_collector -isystem /opt/ros/humble/include/builtin_interfaces -isystem /opt/ros/humble/include/rosidl_runtime_c -isystem /opt/ros/humble/include/rcutils -isystem /opt/ros/humble/include/rosidl_typesupport_interface -isystem /opt/ros/humble/include/fastcdr -isystem /opt/ros/humble/include/rosidl_runtime_cpp -isystem /opt/ros/humble/include/rosidl_typesupport_fastrtps_cpp -isystem /opt/ros/humble/include/rmw -isystem /opt/ros/humble/include/rosidl_typesupport_fastrtps_c -isystem /opt/ros/humble/include/rosidl_typesupport_introspection_c -isystem /opt/ros/humble/include/rosidl_typesupport_introspection_cpp -isystem /opt/ros/humble/include/rcl -isystem /opt/ros/humble/include/rcl_interfaces -isystem /opt/ros/humble/include/rcl_logging_interface -isystem /opt/ros/humble/include/rcl_yaml_param_parser -isystem /opt/ros/humble/include/libyaml_vendor -isystem /opt/ros/humble/include/tracetools -isystem /opt/ros/humble/include/rcpputils -isystem /opt/ros/humble/include/statistics_msgs -isystem /opt/ros/humble/include/rosgraph_msgs -isystem /opt/ros/humble/include/rosidl_typesupport_cpp -isystem /opt/ros/humble/include/rosidl_typesupport_c -isystem /opt/ros/humble/include/geometry_msgs -isystem /opt/ros/humble/include/std_msgs -O3 -DNDEBUG -Wall -Wextra -Wpedantic -DMODEL=testing_ros2 -DNUMST=1 -DNCSTATES=0 -DHAVESTDIO -DMODEL_HAS_DYNAMICALLY_LOADED_SFCNS=0 -DON_TARGET_WAIT_FOR_START=1 -DCLASSIC_INTERFACE=0 -DALLOCATIONFCN=0 -DTID01EQ=0 -DTERMFCN=1 -DONESTEPFCN=1 -DMAT_FILE=0 -DMULTI_INSTANCE_CODE=0 -DEXT_MODE=1 -DINTEGER_CODE=0 -DMT=0 -DROS2_PROJECT -DSTACK_SIZE=64 -D__MW_TARGET_USE_HARDWARE_RESOURCES_H__ -DRT=RT -fpermissive -MD -MT CMakeFiles/testing_ros2.dir/src/rtGetInf.cpp.o -MF CMakeFiles/testing_ros2.dir/src/rtGetInf.cpp.o.d -o CMakeFiles/testing_ros2.dir/src/rtGetInf.cpp.o -c /home/ubuntu/ros2_ws/src/testing_ros2/src/rtGetInf.cpp
[131.035s] [ 50%] Building CXX object CMakeFiles/testing_ros2.dir/src/rtGetNaN.cpp.o
[131.038s] /usr/bin/c++ -DDEFAULT_RMW_IMPLEMENTATION=rmw_fastrtps_cpp -DRCUTILS_ENABLE_FAULT_INJECTION -DROS_PACKAGE_NAME=\"testing_ros2\" -I/home/ubuntu/ros2_ws/src/testing_ros2/include/testing_ros2 -I/home/ubuntu/ros2_ws/src/testing_ros2/include -isystem /opt/ros/humble/include/rclcpp -isystem /opt/ros/humble/include/sensor_msgs -isystem /opt/ros/humble/include/ament_index_cpp -isystem /opt/ros/humble/include/libstatistics_collector -isystem /opt/ros/humble/include/builtin_interfaces -isystem /opt/ros/humble/include/rosidl_runtime_c -isystem /opt/ros/humble/include/rcutils -isystem /opt/ros/humble/include/rosidl_typesupport_interface -isystem /opt/ros/humble/include/fastcdr -isystem /opt/ros/humble/include/rosidl_runtime_cpp -isystem /opt/ros/humble/include/rosidl_typesupport_fastrtps_cpp -isystem /opt/ros/humble/include/rmw -isystem /opt/ros/humble/include/rosidl_typesupport_fastrtps_c -isystem /opt/ros/humble/include/rosidl_typesupport_introspection_c -isystem /opt/ros/humble/include/rosidl_typesupport_introspection_cpp -isystem /opt/ros/humble/include/rcl -isystem /opt/ros/humble/include/rcl_interfaces -isystem /opt/ros/humble/include/rcl_logging_interface -isystem /opt/ros/humble/include/rcl_yaml_param_parser -isystem /opt/ros/humble/include/libyaml_vendor -isystem /opt/ros/humble/include/tracetools -isystem /opt/ros/humble/include/rcpputils -isystem /opt/ros/humble/include/statistics_msgs -isystem /opt/ros/humble/include/rosgraph_msgs -isystem /opt/ros/humble/include/rosidl_typesupport_cpp -isystem /opt/ros/humble/include/rosidl_typesupport_c -isystem /opt/ros/humble/include/geometry_msgs -isystem /opt/ros/humble/include/std_msgs -O3 -DNDEBUG -Wall -Wextra -Wpedantic -DMODEL=testing_ros2 -DNUMST=1 -DNCSTATES=0 -DHAVESTDIO -DMODEL_HAS_DYNAMICALLY_LOADED_SFCNS=0 -DON_TARGET_WAIT_FOR_START=1 -DCLASSIC_INTERFACE=0 -DALLOCATIONFCN=0 -DTID01EQ=0 -DTERMFCN=1 -DONESTEPFCN=1 -DMAT_FILE=0 -DMULTI_INSTANCE_CODE=0 -DEXT_MODE=1 -DINTEGER_CODE=0 -DMT=0 -DROS2_PROJECT -DSTACK_SIZE=64 -D__MW_TARGET_USE_HARDWARE_RESOURCES_H__ -DRT=RT -fpermissive -MD -MT CMakeFiles/testing_ros2.dir/src/rtGetNaN.cpp.o -MF CMakeFiles/testing_ros2.dir/src/rtGetNaN.cpp.o.d -o CMakeFiles/testing_ros2.dir/src/rtGetNaN.cpp.o -c /home/ubuntu/ros2_ws/src/testing_ros2/src/rtGetNaN.cpp
[131.383s] [ 56%] Building CXX object CMakeFiles/testing_ros2.dir/src/rt_nonfinite.cpp.o
[131.400s] /usr/bin/c++ -DDEFAULT_RMW_IMPLEMENTATION=rmw_fastrtps_cpp -DRCUTILS_ENABLE_FAULT_INJECTION -DROS_PACKAGE_NAME=\"testing_ros2\" -I/home/ubuntu/ros2_ws/src/testing_ros2/include/testing_ros2 -I/home/ubuntu/ros2_ws/src/testing_ros2/include -isystem /opt/ros/humble/include/rclcpp -isystem /opt/ros/humble/include/sensor_msgs -isystem /opt/ros/humble/include/ament_index_cpp -isystem /opt/ros/humble/include/libstatistics_collector -isystem /opt/ros/humble/include/builtin_interfaces -isystem /opt/ros/humble/include/rosidl_runtime_c -isystem /opt/ros/humble/include/rcutils -isystem /opt/ros/humble/include/rosidl_typesupport_interface -isystem /opt/ros/humble/include/fastcdr -isystem /opt/ros/humble/include/rosidl_runtime_cpp -isystem /opt/ros/humble/include/rosidl_typesupport_fastrtps_cpp -isystem /opt/ros/humble/include/rmw -isystem /opt/ros/humble/include/rosidl_typesupport_fastrtps_c -isystem /opt/ros/humble/include/rosidl_typesupport_introspection_c -isystem /opt/ros/humble/include/rosidl_typesupport_introspection_cpp -isystem /opt/ros/humble/include/rcl -isystem /opt/ros/humble/include/rcl_interfaces -isystem /opt/ros/humble/include/rcl_logging_interface -isystem /opt/ros/humble/include/rcl_yaml_param_parser -isystem /opt/ros/humble/include/libyaml_vendor -isystem /opt/ros/humble/include/tracetools -isystem /opt/ros/humble/include/rcpputils -isystem /opt/ros/humble/include/statistics_msgs -isystem /opt/ros/humble/include/rosgraph_msgs -isystem /opt/ros/humble/include/rosidl_typesupport_cpp -isystem /opt/ros/humble/include/rosidl_typesupport_c -isystem /opt/ros/humble/include/geometry_msgs -isystem /opt/ros/humble/include/std_msgs -O3 -DNDEBUG -Wall -Wextra -Wpedantic -DMODEL=testing_ros2 -DNUMST=1 -DNCSTATES=0 -DHAVESTDIO -DMODEL_HAS_DYNAMICALLY_LOADED_SFCNS=0 -DON_TARGET_WAIT_FOR_START=1 -DCLASSIC_INTERFACE=0 -DALLOCATIONFCN=0 -DTID01EQ=0 -DTERMFCN=1 -DONESTEPFCN=1 -DMAT_FILE=0 -DMULTI_INSTANCE_CODE=0 -DEXT_MODE=1 -DINTEGER_CODE=0 -DMT=0 -DROS2_PROJECT -DSTACK_SIZE=64 -D__MW_TARGET_USE_HARDWARE_RESOURCES_H__ -DRT=RT -fpermissive -MD -MT CMakeFiles/testing_ros2.dir/src/rt_nonfinite.cpp.o -MF CMakeFiles/testing_ros2.dir/src/rt_nonfinite.cpp.o.d -o CMakeFiles/testing_ros2.dir/src/rt_nonfinite.cpp.o -c /home/ubuntu/ros2_ws/src/testing_ros2/src/rt_nonfinite.cpp
[131.847s] [ 62%] Building CXX object CMakeFiles/testing_ros2.dir/src/slros2_initialize.cpp.o
[131.859s] /usr/bin/c++ -DDEFAULT_RMW_IMPLEMENTATION=rmw_fastrtps_cpp -DRCUTILS_ENABLE_FAULT_INJECTION -DROS_PACKAGE_NAME=\"testing_ros2\" -I/home/ubuntu/ros2_ws/src/testing_ros2/include/testing_ros2 -I/home/ubuntu/ros2_ws/src/testing_ros2/include -isystem /opt/ros/humble/include/rclcpp -isystem /opt/ros/humble/include/sensor_msgs -isystem /opt/ros/humble/include/ament_index_cpp -isystem /opt/ros/humble/include/libstatistics_collector -isystem /opt/ros/humble/include/builtin_interfaces -isystem /opt/ros/humble/include/rosidl_runtime_c -isystem /opt/ros/humble/include/rcutils -isystem /opt/ros/humble/include/rosidl_typesupport_interface -isystem /opt/ros/humble/include/fastcdr -isystem /opt/ros/humble/include/rosidl_runtime_cpp -isystem /opt/ros/humble/include/rosidl_typesupport_fastrtps_cpp -isystem /opt/ros/humble/include/rmw -isystem /opt/ros/humble/include/rosidl_typesupport_fastrtps_c -isystem /opt/ros/humble/include/rosidl_typesupport_introspection_c -isystem /opt/ros/humble/include/rosidl_typesupport_introspection_cpp -isystem /opt/ros/humble/include/rcl -isystem /opt/ros/humble/include/rcl_interfaces -isystem /opt/ros/humble/include/rcl_logging_interface -isystem /opt/ros/humble/include/rcl_yaml_param_parser -isystem /opt/ros/humble/include/libyaml_vendor -isystem /opt/ros/humble/include/tracetools -isystem /opt/ros/humble/include/rcpputils -isystem /opt/ros/humble/include/statistics_msgs -isystem /opt/ros/humble/include/rosgraph_msgs -isystem /opt/ros/humble/include/rosidl_typesupport_cpp -isystem /opt/ros/humble/include/rosidl_typesupport_c -isystem /opt/ros/humble/include/geometry_msgs -isystem /opt/ros/humble/include/std_msgs -O3 -DNDEBUG -Wall -Wextra -Wpedantic -DMODEL=testing_ros2 -DNUMST=1 -DNCSTATES=0 -DHAVESTDIO -DMODEL_HAS_DYNAMICALLY_LOADED_SFCNS=0 -DON_TARGET_WAIT_FOR_START=1 -DCLASSIC_INTERFACE=0 -DALLOCATIONFCN=0 -DTID01EQ=0 -DTERMFCN=1 -DONESTEPFCN=1 -DMAT_FILE=0 -DMULTI_INSTANCE_CODE=0 -DEXT_MODE=1 -DINTEGER_CODE=0 -DMT=0 -DROS2_PROJECT -DSTACK_SIZE=64 -D__MW_TARGET_USE_HARDWARE_RESOURCES_H__ -DRT=RT -fpermissive -MD -MT CMakeFiles/testing_ros2.dir/src/slros2_initialize.cpp.o -MF CMakeFiles/testing_ros2.dir/src/slros2_initialize.cpp.o.d -o CMakeFiles/testing_ros2.dir/src/slros2_initialize.cpp.o -c /home/ubuntu/ros2_ws/src/testing_ros2/src/slros2_initialize.cpp
[169.627s] [ 68%] Building CXX object CMakeFiles/testing_ros2.dir/src/slros_busmsg_conversion.cpp.o
[169.634s] /usr/bin/c++ -DDEFAULT_RMW_IMPLEMENTATION=rmw_fastrtps_cpp -DRCUTILS_ENABLE_FAULT_INJECTION -DROS_PACKAGE_NAME=\"testing_ros2\" -I/home/ubuntu/ros2_ws/src/testing_ros2/include/testing_ros2 -I/home/ubuntu/ros2_ws/src/testing_ros2/include -isystem /opt/ros/humble/include/rclcpp -isystem /opt/ros/humble/include/sensor_msgs -isystem /opt/ros/humble/include/ament_index_cpp -isystem /opt/ros/humble/include/libstatistics_collector -isystem /opt/ros/humble/include/builtin_interfaces -isystem /opt/ros/humble/include/rosidl_runtime_c -isystem /opt/ros/humble/include/rcutils -isystem /opt/ros/humble/include/rosidl_typesupport_interface -isystem /opt/ros/humble/include/fastcdr -isystem /opt/ros/humble/include/rosidl_runtime_cpp -isystem /opt/ros/humble/include/rosidl_typesupport_fastrtps_cpp -isystem /opt/ros/humble/include/rmw -isystem /opt/ros/humble/include/rosidl_typesupport_fastrtps_c -isystem /opt/ros/humble/include/rosidl_typesupport_introspection_c -isystem /opt/ros/humble/include/rosidl_typesupport_introspection_cpp -isystem /opt/ros/humble/include/rcl -isystem /opt/ros/humble/include/rcl_interfaces -isystem /opt/ros/humble/include/rcl_logging_interface -isystem /opt/ros/humble/include/rcl_yaml_param_parser -isystem /opt/ros/humble/include/libyaml_vendor -isystem /opt/ros/humble/include/tracetools -isystem /opt/ros/humble/include/rcpputils -isystem /opt/ros/humble/include/statistics_msgs -isystem /opt/ros/humble/include/rosgraph_msgs -isystem /opt/ros/humble/include/rosidl_typesupport_cpp -isystem /opt/ros/humble/include/rosidl_typesupport_c -isystem /opt/ros/humble/include/geometry_msgs -isystem /opt/ros/humble/include/std_msgs -O3 -DNDEBUG -Wall -Wextra -Wpedantic -DMODEL=testing_ros2 -DNUMST=1 -DNCSTATES=0 -DHAVESTDIO -DMODEL_HAS_DYNAMICALLY_LOADED_SFCNS=0 -DON_TARGET_WAIT_FOR_START=1 -DCLASSIC_INTERFACE=0 -DALLOCATIONFCN=0 -DTID01EQ=0 -DTERMFCN=1 -DONESTEPFCN=1 -DMAT_FILE=0 -DMULTI_INSTANCE_CODE=0 -DEXT_MODE=1 -DINTEGER_CODE=0 -DMT=0 -DROS2_PROJECT -DSTACK_SIZE=64 -D__MW_TARGET_USE_HARDWARE_RESOURCES_H__ -DRT=RT -fpermissive -MD -MT CMakeFiles/testing_ros2.dir/src/slros_busmsg_conversion.cpp.o -MF CMakeFiles/testing_ros2.dir/src/slros_busmsg_conversion.cpp.o.d -o CMakeFiles/testing_ros2.dir/src/slros_busmsg_conversion.cpp.o -c /home/ubuntu/ros2_ws/src/testing_ros2/src/slros_busmsg_conversion.cpp
[202.398s] In file included from /home/ubuntu/ros2_ws/src/testing_ros2/include/testing_ros2/slros_busmsg_conversion.h:12,
[202.399s]                  from /home/ubuntu/ros2_ws/src/testing_ros2/src/slros_busmsg_conversion.cpp:1:
[202.400s] /home/ubuntu/ros2_ws/src/testing_ros2/include/testing_ros2/slros_msgconvert_utils.h: In instantiation of 'void convertToBusFixedPrimitiveArray(BusType&, const MsgType&, const slros::ROSPropertyWarnStatus&) [with BusType = double [9]; MsgType = std::array<double, 9>]':
[202.437s] /home/ubuntu/ros2_ws/src/testing_ros2/src/slros_busmsg_conversion.cpp:87:34:   required from here
[202.439s] /home/ubuntu/ros2_ws/src/testing_ros2/include/testing_ros2/slros_msgconvert_utils.h:543:81: warning: unused parameter 'warnStatus' [-Wunused-parameter]
[202.440s]   543 |                                             const slros::ROSPropertyWarnStatus& warnStatus) {
[202.445s]       |                                             ~~~~~~~~~~~~~~~~~~~~~~~~~~~~~~~~~~~~^~~~~~~~~~
[209.052s] [ 75%] Building CXX object CMakeFiles/testing_ros2.dir/src/testing_ros2.cpp.o
[209.061s] /usr/bin/c++ -DDEFAULT_RMW_IMPLEMENTATION=rmw_fastrtps_cpp -DRCUTILS_ENABLE_FAULT_INJECTION -DROS_PACKAGE_NAME=\"testing_ros2\" -I/home/ubuntu/ros2_ws/src/testing_ros2/include/testing_ros2 -I/home/ubuntu/ros2_ws/src/testing_ros2/include -isystem /opt/ros/humble/include/rclcpp -isystem /opt/ros/humble/include/sensor_msgs -isystem /opt/ros/humble/include/ament_index_cpp -isystem /opt/ros/humble/include/libstatistics_collector -isystem /opt/ros/humble/include/builtin_interfaces -isystem /opt/ros/humble/include/rosidl_runtime_c -isystem /opt/ros/humble/include/rcutils -isystem /opt/ros/humble/include/rosidl_typesupport_interface -isystem /opt/ros/humble/include/fastcdr -isystem /opt/ros/humble/include/rosidl_runtime_cpp -isystem /opt/ros/humble/include/rosidl_typesupport_fastrtps_cpp -isystem /opt/ros/humble/include/rmw -isystem /opt/ros/humble/include/rosidl_typesupport_fastrtps_c -isystem /opt/ros/humble/include/rosidl_typesupport_introspection_c -isystem /opt/ros/humble/include/rosidl_typesupport_introspection_cpp -isystem /opt/ros/humble/include/rcl -isystem /opt/ros/humble/include/rcl_interfaces -isystem /opt/ros/humble/include/rcl_logging_interface -isystem /opt/ros/humble/include/rcl_yaml_param_parser -isystem /opt/ros/humble/include/libyaml_vendor -isystem /opt/ros/humble/include/tracetools -isystem /opt/ros/humble/include/rcpputils -isystem /opt/ros/humble/include/statistics_msgs -isystem /opt/ros/humble/include/rosgraph_msgs -isystem /opt/ros/humble/include/rosidl_typesupport_cpp -isystem /opt/ros/humble/include/rosidl_typesupport_c -isystem /opt/ros/humble/include/geometry_msgs -isystem /opt/ros/humble/include/std_msgs -O3 -DNDEBUG -Wall -Wextra -Wpedantic -DMODEL=testing_ros2 -DNUMST=1 -DNCSTATES=0 -DHAVESTDIO -DMODEL_HAS_DYNAMICALLY_LOADED_SFCNS=0 -DON_TARGET_WAIT_FOR_START=1 -DCLASSIC_INTERFACE=0 -DALLOCATIONFCN=0 -DTID01EQ=0 -DTERMFCN=1 -DONESTEPFCN=1 -DMAT_FILE=0 -DMULTI_INSTANCE_CODE=0 -DEXT_MODE=1 -DINTEGER_CODE=0 -DMT=0 -DROS2_PROJECT -DSTACK_SIZE=64 -D__MW_TARGET_USE_HARDWARE_RESOURCES_H__ -DRT=RT -fpermissive -MD -MT CMakeFiles/testing_ros2.dir/src/testing_ros2.cpp.o -MF CMakeFiles/testing_ros2.dir/src/testing_ros2.cpp.o.d -o CMakeFiles/testing_ros2.dir/src/testing_ros2.cpp.o -c /home/ubuntu/ros2_ws/src/testing_ros2/src/testing_ros2.cpp
[214.035s] /home/ubuntu/ros2_ws/src/testing_ros2/src/testing_ros2.cpp:23:10: fatal error: emmintrin.h: No such file or directory
[214.036s]    23 | #include <emmintrin.h>
[214.037s]       |          ^~~~~~~~~~~~~
[214.046s] compilation terminated.
[214.098s] gmake[2]: *** [CMakeFiles/testing_ros2.dir/build.make:261: CMakeFiles/testing_ros2.dir/src/testing_ros2.cpp.o] Error 1
[214.100s] gmake[2]: Leaving directory '/home/ubuntu/ros2_ws/build/testing_ros2'
[214.106s] gmake[1]: *** [CMakeFiles/Makefile2:140: CMakeFiles/testing_ros2.dir/all] Error 2
[214.107s] gmake: *** [Makefile:149: all] Error 2
[214.108s] gmake[1]: Leaving directory '/home/ubuntu/ros2_ws/build/testing_ros2'
[214.135s] Invoked command in '/home/ubuntu/ros2_ws/build/testing_ros2' returned '2': CMAKE_PREFIX_PATH=${CMAKE_PREFIX_PATH}:/home/ubuntu/ros2_ws/install/my_ahrs:/home/ubuntu/ros2_ws/install/lsm6dso:/home/ubuntu/ros2_ws/install/esc_pkg:/home/ubuntu/ros2_ws/install/bmm150_sensor:/opt/ros/humble /usr/bin/cmake --build /home/ubuntu/ros2_ws/build/testing_ros2 -- -j4 -l4
