[6.798s] Invoking command in '/home/ubuntu/ros2_ws/build/untitled1': CMAKE_PREFIX_PATH=/home/ubuntu/ros2_ws/install/aerobot_interfaces:/home/ubuntu/ros2_ws/install/untitled1:/home/ubuntu/ros2_ws/install/testing_ros2:/home/ubuntu/ros2_ws/install/testing_ros:/home/ubuntu/ros2_ws/install/ros2_imu:/home/ubuntu/ros2_ws/install/pid_control_aerobot:/home/ubuntu/ros2_ws/install/complementary_filter_ros2:/home/ubuntu/ros2_ws/install/my_ahrs:/home/ubuntu/ros2_ws/install/lsm6dso:/home/ubuntu/ros2_ws/install/esc_pkg:/home/ubuntu/ros2_ws/install/bmm150_sensor:/opt/ros/humble /usr/bin/cmake --build /home/ubuntu/ros2_ws/build/untitled1 -- -j4 -l4
[7.192s] /usr/bin/cmake -S/home/ubuntu/ros2_ws/src/untitled1 -B/home/ubuntu/ros2_ws/build/untitled1 --check-build-system CMakeFiles/Makefile.cmake 0
[7.342s] /usr/bin/cmake -E cmake_progress_start /home/ubuntu/ros2_ws/build/untitled1/CMakeFiles /home/ubuntu/ros2_ws/build/untitled1//CMakeFiles/progress.marks
[7.570s] /usr/bin/gmake  -f CMakeFiles/Makefile2 all
[7.603s] gmake[1]: Entering directory '/home/ubuntu/ros2_ws/build/untitled1'
[7.604s] /usr/bin/gmake  -f CMakeFiles/untitled1.dir/build.make CMakeFiles/untitled1.dir/depend
[7.693s] gmake[2]: Entering directory '/home/ubuntu/ros2_ws/build/untitled1'
[7.694s] cd /home/ubuntu/ros2_ws/build/untitled1 && /usr/bin/cmake -E cmake_depends "Unix Makefiles" /home/ubuntu/ros2_ws/src/untitled1 /home/ubuntu/ros2_ws/src/untitled1 /home/ubuntu/ros2_ws/build/untitled1 /home/ubuntu/ros2_ws/build/untitled1 /home/ubuntu/ros2_ws/build/untitled1/CMakeFiles/untitled1.dir/DependInfo.cmake --color=
[7.851s] [35m[1mConsolidate compiler generated dependencies of target untitled1[0m
[8.177s] gmake[2]: Leaving directory '/home/ubuntu/ros2_ws/build/untitled1'
[8.180s] /usr/bin/gmake  -f CMakeFiles/untitled1.dir/build.make CMakeFiles/untitled1.dir/build
[8.539s] gmake[2]: Entering directory '/home/ubuntu/ros2_ws/build/untitled1'
[8.695s] [  7%] [32mBuilding CXX object CMakeFiles/untitled1.dir/src/main.cpp.o[0m
[8.720s] /usr/bin/c++ -DDEFAULT_RMW_IMPLEMENTATION=rmw_fastrtps_cpp -DRCUTILS_ENABLE_FAULT_INJECTION -DROS_PACKAGE_NAME=\"untitled1\" -I/home/ubuntu/ros2_ws/src/untitled1/include/untitled1 -I/home/ubuntu/ros2_ws/src/untitled1/include -isystem /home/ubuntu/ros2_ws/install/aerobot_interfaces/include/aerobot_interfaces -isystem /opt/ros/humble/include/rclcpp -isystem /opt/ros/humble/include/rosidl_runtime_c -isystem /opt/ros/humble/include/rcutils -isystem /opt/ros/humble/include/rosidl_typesupport_interface -isystem /opt/ros/humble/include/fastcdr -isystem /opt/ros/humble/include/rosidl_runtime_cpp -isystem /opt/ros/humble/include/rosidl_typesupport_fastrtps_cpp -isystem /opt/ros/humble/include/rmw -isystem /opt/ros/humble/include/rosidl_typesupport_fastrtps_c -isystem /opt/ros/humble/include/rosidl_typesupport_introspection_c -isystem /opt/ros/humble/include/rosidl_typesupport_introspection_cpp -isystem /opt/ros/humble/include/ament_index_cpp -isystem /opt/ros/humble/include/libstatistics_collector -isystem /opt/ros/humble/include/builtin_interfaces -isystem /opt/ros/humble/include/rcl -isystem /opt/ros/humble/include/rcl_interfaces -isystem /opt/ros/humble/include/rcl_logging_interface -isystem /opt/ros/humble/include/rcl_yaml_param_parser -isystem /opt/ros/humble/include/libyaml_vendor -isystem /opt/ros/humble/include/tracetools -isystem /opt/ros/humble/include/rcpputils -isystem /opt/ros/humble/include/statistics_msgs -isystem /opt/ros/humble/include/rosgraph_msgs -isystem /opt/ros/humble/include/rosidl_typesupport_cpp -isystem /opt/ros/humble/include/rosidl_typesupport_c -O3 -DNDEBUG -Wall -Wextra -Wpedantic -DMODEL=untitled1 -DNUMST=1 -DNCSTATES=0 -DHAVESTDIO -DMODEL_HAS_DYNAMICALLY_LOADED_SFCNS=0 -DON_TARGET_WAIT_FOR_START=1 -DCLASSIC_INTERFACE=0 -DALLOCATIONFCN=0 -DTID01EQ=0 -DTERMFCN=1 -DONESTEPFCN=1 -DMAT_FILE=0 -DMULTI_INSTANCE_CODE=0 -DEXT_MODE=1 -DINTEGER_CODE=0 -DMT=0 -DROS2_PROJECT -DSTACK_SIZE=64 -D__MW_TARGET_USE_HARDWARE_RESOURCES_H__ -DRT=RT -fpermissive -MD -MT CMakeFiles/untitled1.dir/src/main.cpp.o -MF CMakeFiles/untitled1.dir/src/main.cpp.o.d -o CMakeFiles/untitled1.dir/src/main.cpp.o -c /home/ubuntu/ros2_ws/src/untitled1/src/main.cpp
[71.016s] [ 15%] [32mBuilding CXX object CMakeFiles/untitled1.dir/src/slros_busmsg_conversion.cpp.o[0m
[71.031s] /usr/bin/c++ -DDEFAULT_RMW_IMPLEMENTATION=rmw_fastrtps_cpp -DRCUTILS_ENABLE_FAULT_INJECTION -DROS_PACKAGE_NAME=\"untitled1\" -I/home/ubuntu/ros2_ws/src/untitled1/include/untitled1 -I/home/ubuntu/ros2_ws/src/untitled1/include -isystem /home/ubuntu/ros2_ws/install/aerobot_interfaces/include/aerobot_interfaces -isystem /opt/ros/humble/include/rclcpp -isystem /opt/ros/humble/include/rosidl_runtime_c -isystem /opt/ros/humble/include/rcutils -isystem /opt/ros/humble/include/rosidl_typesupport_interface -isystem /opt/ros/humble/include/fastcdr -isystem /opt/ros/humble/include/rosidl_runtime_cpp -isystem /opt/ros/humble/include/rosidl_typesupport_fastrtps_cpp -isystem /opt/ros/humble/include/rmw -isystem /opt/ros/humble/include/rosidl_typesupport_fastrtps_c -isystem /opt/ros/humble/include/rosidl_typesupport_introspection_c -isystem /opt/ros/humble/include/rosidl_typesupport_introspection_cpp -isystem /opt/ros/humble/include/ament_index_cpp -isystem /opt/ros/humble/include/libstatistics_collector -isystem /opt/ros/humble/include/builtin_interfaces -isystem /opt/ros/humble/include/rcl -isystem /opt/ros/humble/include/rcl_interfaces -isystem /opt/ros/humble/include/rcl_logging_interface -isystem /opt/ros/humble/include/rcl_yaml_param_parser -isystem /opt/ros/humble/include/libyaml_vendor -isystem /opt/ros/humble/include/tracetools -isystem /opt/ros/humble/include/rcpputils -isystem /opt/ros/humble/include/statistics_msgs -isystem /opt/ros/humble/include/rosgraph_msgs -isystem /opt/ros/humble/include/rosidl_typesupport_cpp -isystem /opt/ros/humble/include/rosidl_typesupport_c -O3 -DNDEBUG -Wall -Wextra -Wpedantic -DMODEL=untitled1 -DNUMST=1 -DNCSTATES=0 -DHAVESTDIO -DMODEL_HAS_DYNAMICALLY_LOADED_SFCNS=0 -DON_TARGET_WAIT_FOR_START=1 -DCLASSIC_INTERFACE=0 -DALLOCATIONFCN=0 -DTID01EQ=0 -DTERMFCN=1 -DONESTEPFCN=1 -DMAT_FILE=0 -DMULTI_INSTANCE_CODE=0 -DEXT_MODE=1 -DINTEGER_CODE=0 -DMT=0 -DROS2_PROJECT -DSTACK_SIZE=64 -D__MW_TARGET_USE_HARDWARE_RESOURCES_H__ -DRT=RT -fpermissive -MD -MT CMakeFiles/untitled1.dir/src/slros_busmsg_conversion.cpp.o -MF CMakeFiles/untitled1.dir/src/slros_busmsg_conversion.cpp.o.d -o CMakeFiles/untitled1.dir/src/slros_busmsg_conversion.cpp.o -c /home/ubuntu/ros2_ws/src/untitled1/src/slros_busmsg_conversion.cpp
[105.104s] [01m[K/home/ubuntu/ros2_ws/src/untitled1/src/slros_busmsg_conversion.cpp:[m[K In function â€˜[01m[Kvoid convertFromBus(aerobot_interfaces::srv::Calibrate::Request&, const SL_Bus_aerobot_interfaces_CalibrateRequest*)[m[Kâ€™:
[105.112s] [01m[K/home/ubuntu/ros2_ws/src/untitled1/src/slros_busmsg_conversion.cpp:10:10:[m[K [01;31m[Kerror: [m[Kâ€˜[01m[Kusing Request = using Calibrate_Request = struct aerobot_interfaces::srv::Calibrate_Request_<std::allocator<void> >[m[Kâ€™ {aka â€˜[01m[Kstruct aerobot_interfaces::srv::Calibrate_Request_<std::allocator<void> >[m[Kâ€™} has no member named â€˜[01m[Kget_calibration_parameters[m[Kâ€™
[105.122s]    10 |   msgPtr.[01;31m[Kget_calibration_parameters[m[K =  busPtr->get_calibration_parameters;
[105.140s]       |          [01;31m[K^~~~~~~~~~~~~~~~~~~~~~~~~~[m[K
[105.146s] [01m[K/home/ubuntu/ros2_ws/src/untitled1/src/slros_busmsg_conversion.cpp:[m[K In function â€˜[01m[Kvoid convertToBus(SL_Bus_aerobot_interfaces_CalibrateRequest*, const Request&)[m[Kâ€™:
[105.147s] [01m[K/home/ubuntu/ros2_ws/src/untitled1/src/slros_busmsg_conversion.cpp:17:48:[m[K [01;31m[Kerror: [m[Kâ€˜[01m[Kconst Request[m[Kâ€™ {aka â€˜[01m[Kconst struct aerobot_interfaces::srv::Calibrate_Request_<std::allocator<void> >[m[Kâ€™} has no member named â€˜[01m[Kget_calibration_parameters[m[Kâ€™
[105.148s]    17 |   busPtr->get_calibration_parameters =  msgPtr.[01;31m[Kget_calibration_parameters[m[K;
[105.166s]       |                                                [01;31m[K^~~~~~~~~~~~~~~~~~~~~~~~~~[m[K
[110.393s] gmake[2]: *** [CMakeFiles/untitled1.dir/build.make:205: CMakeFiles/untitled1.dir/src/slros_busmsg_conversion.cpp.o] Error 1
[110.396s] gmake[2]: Leaving directory '/home/ubuntu/ros2_ws/build/untitled1'
[110.399s] gmake[1]: *** [CMakeFiles/Makefile2:140: CMakeFiles/untitled1.dir/all] Error 2
[110.403s] gmake[1]: Leaving directory '/home/ubuntu/ros2_ws/build/untitled1'
[110.404s] gmake: *** [Makefile:149: all] Error 2
[110.437s] Invoked command in '/home/ubuntu/ros2_ws/build/untitled1' returned '2': CMAKE_PREFIX_PATH=/home/ubuntu/ros2_ws/install/aerobot_interfaces:/home/ubuntu/ros2_ws/install/untitled1:/home/ubuntu/ros2_ws/install/testing_ros2:/home/ubuntu/ros2_ws/install/testing_ros:/home/ubuntu/ros2_ws/install/ros2_imu:/home/ubuntu/ros2_ws/install/pid_control_aerobot:/home/ubuntu/ros2_ws/install/complementary_filter_ros2:/home/ubuntu/ros2_ws/install/my_ahrs:/home/ubuntu/ros2_ws/install/lsm6dso:/home/ubuntu/ros2_ws/install/esc_pkg:/home/ubuntu/ros2_ws/install/bmm150_sensor:/opt/ros/humble /usr/bin/cmake --build /home/ubuntu/ros2_ws/build/untitled1 -- -j4 -l4
