[0.000000] (-) TimerEvent: {}
[0.006485] (-) JobUnselected: {'identifier': 'aerobot_interfaces'}
[0.009286] (-) JobUnselected: {'identifier': 'bmm150_sensor'}
[0.009601] (-) JobUnselected: {'identifier': 'esc_pkg'}
[0.009842] (-) JobUnselected: {'identifier': 'lsm6dso'}
[0.010063] (-) JobUnselected: {'identifier': 'my_ahrs'}
[0.010289] (-) JobUnselected: {'identifier': 'ros2_imu'}
[0.010506] (-) JobUnselected: {'identifier': 'testing_ros'}
[0.010737] (-) JobUnselected: {'identifier': 'testing_ros2'}
[0.011010] (complementary_filter_ros2) JobQueued: {'identifier': 'complementary_filter_ros2', 'dependencies': OrderedDict()}
[0.014223] (complementary_filter_ros2) JobStarted: {'identifier': 'complementary_filter_ros2'}
[0.103407] (-) TimerEvent: {}
[0.198423] (complementary_filter_ros2) JobProgress: {'identifier': 'complementary_filter_ros2', 'progress': 'cmake'}
[0.203678] (-) TimerEvent: {}
[0.207608] (complementary_filter_ros2) JobProgress: {'identifier': 'complementary_filter_ros2', 'progress': 'build'}
[0.215930] (complementary_filter_ros2) Command: {'cmd': ['/usr/bin/cmake', '--build', '/home/ubuntu/ros2_ws/build/complementary_filter_ros2', '--', '-j4', '-l4'], 'cwd': '/home/ubuntu/ros2_ws/build/complementary_filter_ros2', 'env': OrderedDict([('USER', 'ubuntu'), ('SSH_CLIENT', '192.168.0.106 63624 22'), ('XDG_SESSION_TYPE', 'tty'), ('SHLVL', '1'), ('LD_LIBRARY_PATH', '/home/ubuntu/ros2_ws/install/aerobot_interfaces/lib:/opt/ros/humble/lib/aarch64-linux-gnu:/opt/ros/humble/lib'), ('MOTD_SHOWN', 'pam'), ('HOME', '/home/ubuntu'), ('OLDPWD', '/home/ubuntu'), ('ROS_PYTHON_VERSION', '3'), ('DBUS_SESSION_BUS_ADDRESS', 'unix:path=/run/user/1000/bus'), ('COLCON_PREFIX_PATH', '/home/ubuntu/ros2_ws/install'), ('ROS_DISTRO', 'humble'), ('LOGNAME', 'ubuntu'), ('_', '/usr/bin/colcon'), ('ROS_VERSION', '2'), ('XDG_SESSION_CLASS', 'user'), ('XDG_SESSION_ID', '3'), ('ROS_LOCALHOST_ONLY', '0'), ('PATH', '/opt/ros/humble/bin:/usr/local/sbin:/usr/local/bin:/usr/sbin:/usr/bin:/sbin:/bin:/usr/games:/usr/local/games:/snap/bin'), ('XDG_RUNTIME_DIR', '/run/user/1000'), ('LANG', 'en_US.UTF-8'), ('AMENT_PREFIX_PATH', '/home/ubuntu/ros2_ws/install/testing_ros2:/home/ubuntu/ros2_ws/install/testing_ros:/home/ubuntu/ros2_ws/install/ros2_imu:/home/ubuntu/ros2_ws/install/my_ahrs:/home/ubuntu/ros2_ws/install/lsm6dso:/home/ubuntu/ros2_ws/install/esc_pkg:/home/ubuntu/ros2_ws/install/complementary_filter_ros2:/home/ubuntu/ros2_ws/install/bmm150_sensor:/home/ubuntu/ros2_ws/install/aerobot_interfaces:/opt/ros/humble'), ('SHELL', '/bin/bash'), ('PWD', '/home/ubuntu/ros2_ws/build/complementary_filter_ros2'), ('LC_ALL', 'C'), ('SSH_CONNECTION', '192.168.0.106 63624 192.168.0.122 22'), ('PYTHONPATH', '/home/ubuntu/ros2_ws/install/my_ahrs/lib/python3.10/site-packages:/home/ubuntu/ros2_ws/install/lsm6dso/lib/python3.10/site-packages:/home/ubuntu/ros2_ws/install/esc_pkg/lib/python3.10/site-packages:/home/ubuntu/ros2_ws/install/bmm150_sensor/lib/python3.10/site-packages:/home/ubuntu/ros2_ws/install/aerobot_interfaces/local/lib/python3.10/dist-packages:/opt/ros/humble/lib/python3.10/site-packages:/opt/ros/humble/local/lib/python3.10/dist-packages'), ('COLCON', '1'), ('CMAKE_PREFIX_PATH', '/home/ubuntu/ros2_ws/install/testing_ros2:/home/ubuntu/ros2_ws/install/testing_ros:/home/ubuntu/ros2_ws/install/ros2_imu:/home/ubuntu/ros2_ws/install/complementary_filter_ros2:/home/ubuntu/ros2_ws/install/aerobot_interfaces:/home/ubuntu/ros2_ws/install/my_ahrs:/home/ubuntu/ros2_ws/install/lsm6dso:/home/ubuntu/ros2_ws/install/esc_pkg:/home/ubuntu/ros2_ws/install/bmm150_sensor:/opt/ros/humble')]), 'shell': False}
[0.303964] (-) TimerEvent: {}
[0.400470] (complementary_filter_ros2) StdoutLine: {'line': b'/usr/bin/cmake -S/home/ubuntu/ros2_ws/src/complementary_filter_ros2 -B/home/ubuntu/ros2_ws/build/complementary_filter_ros2 --check-build-system CMakeFiles/Makefile.cmake 0\n'}
[0.405631] (-) TimerEvent: {}
[0.506383] (-) TimerEvent: {}
[0.608000] (-) TimerEvent: {}
[0.690262] (complementary_filter_ros2) StdoutLine: {'line': b'-- Found ament_cmake: 1.3.9 (/opt/ros/humble/share/ament_cmake/cmake)\n'}
[0.708354] (-) TimerEvent: {}
[0.809087] (-) TimerEvent: {}
[0.909793] (-) TimerEvent: {}
[1.010497] (-) TimerEvent: {}
[1.111337] (-) TimerEvent: {}
[1.212069] (-) TimerEvent: {}
[1.315545] (-) TimerEvent: {}
[1.416238] (-) TimerEvent: {}
[1.516960] (-) TimerEvent: {}
[1.617667] (-) TimerEvent: {}
[1.718954] (-) TimerEvent: {}
[1.821820] (-) TimerEvent: {}
[1.922458] (-) TimerEvent: {}
[2.023186] (-) TimerEvent: {}
[2.123843] (-) TimerEvent: {}
[2.231528] (-) TimerEvent: {}
[2.332376] (-) TimerEvent: {}
[2.433245] (-) TimerEvent: {}
[2.505716] (complementary_filter_ros2) StdoutLine: {'line': b'-- Found ament_cmake_ros: 0.10.0 (/opt/ros/humble/share/ament_cmake_ros/cmake)\n'}
[2.533516] (-) TimerEvent: {}
[2.551645] (complementary_filter_ros2) StdoutLine: {'line': b'-- Found rclcpp: 16.0.9 (/opt/ros/humble/share/rclcpp/cmake)\n'}
[2.633835] (-) TimerEvent: {}
[2.735643] (-) TimerEvent: {}
[2.836407] (-) TimerEvent: {}
[2.937416] (-) TimerEvent: {}
[3.038194] (-) TimerEvent: {}
[3.090492] (complementary_filter_ros2) StdoutLine: {'line': b'-- Found rosidl_generator_c: 3.1.5 (/opt/ros/humble/share/rosidl_generator_c/cmake)\n'}
[3.132337] (complementary_filter_ros2) StdoutLine: {'line': b'-- Found rosidl_adapter: 3.1.5 (/opt/ros/humble/share/rosidl_adapter/cmake)\n'}
[3.138468] (-) TimerEvent: {}
[3.230768] (complementary_filter_ros2) StdoutLine: {'line': b'-- Found rosidl_generator_cpp: 3.1.5 (/opt/ros/humble/share/rosidl_generator_cpp/cmake)\n'}
[3.238753] (-) TimerEvent: {}
[3.339648] (-) TimerEvent: {}
[3.402921] (complementary_filter_ros2) StdoutLine: {'line': b'-- Using all available rosidl_typesupport_c: rosidl_typesupport_fastrtps_c;rosidl_typesupport_introspection_c\n'}
[3.439928] (-) TimerEvent: {}
[3.540634] (-) TimerEvent: {}
[3.628734] (complementary_filter_ros2) StdoutLine: {'line': b'-- Using all available rosidl_typesupport_cpp: rosidl_typesupport_fastrtps_cpp;rosidl_typesupport_introspection_cpp\n'}
[3.640942] (-) TimerEvent: {}
[3.741744] (-) TimerEvent: {}
[3.854847] (-) TimerEvent: {}
[3.955701] (-) TimerEvent: {}
[4.056469] (-) TimerEvent: {}
[4.157195] (-) TimerEvent: {}
[4.257916] (-) TimerEvent: {}
[4.358626] (-) TimerEvent: {}
[4.463756] (-) TimerEvent: {}
[4.498041] (complementary_filter_ros2) StdoutLine: {'line': b'-- Found rmw_implementation_cmake: 6.1.2 (/opt/ros/humble/share/rmw_implementation_cmake/cmake)\n'}
[4.526164] (complementary_filter_ros2) StdoutLine: {'line': b'-- Found rmw_fastrtps_cpp: 6.2.6 (/opt/ros/humble/share/rmw_fastrtps_cpp/cmake)\n'}
[4.564032] (-) TimerEvent: {}
[4.664835] (-) TimerEvent: {}
[4.765535] (-) TimerEvent: {}
[4.866359] (-) TimerEvent: {}
[4.967210] (-) TimerEvent: {}
[5.067877] (-) TimerEvent: {}
[5.168637] (-) TimerEvent: {}
[5.269450] (-) TimerEvent: {}
[5.370258] (-) TimerEvent: {}
[5.470973] (-) TimerEvent: {}
[5.571609] (-) TimerEvent: {}
[5.672326] (-) TimerEvent: {}
[5.773060] (-) TimerEvent: {}
[5.873855] (-) TimerEvent: {}
[5.974602] (-) TimerEvent: {}
[6.075383] (-) TimerEvent: {}
[6.176968] (-) TimerEvent: {}
[6.254008] (complementary_filter_ros2) StdoutLine: {'line': b"-- Using RMW implementation 'rmw_fastrtps_cpp' as default\n"}
[6.277242] (-) TimerEvent: {}
[6.377960] (-) TimerEvent: {}
[6.479023] (-) TimerEvent: {}
[6.579944] (-) TimerEvent: {}
[6.680767] (-) TimerEvent: {}
[6.781588] (-) TimerEvent: {}
[6.882396] (-) TimerEvent: {}
[6.983381] (-) TimerEvent: {}
[7.084198] (-) TimerEvent: {}
[7.184950] (-) TimerEvent: {}
[7.285717] (-) TimerEvent: {}
[7.386579] (-) TimerEvent: {}
[7.493876] (-) TimerEvent: {}
[7.594607] (-) TimerEvent: {}
[7.695480] (-) TimerEvent: {}
[7.798954] (-) TimerEvent: {}
[7.899761] (-) TimerEvent: {}
[8.003392] (-) TimerEvent: {}
[8.104107] (-) TimerEvent: {}
[8.204800] (-) TimerEvent: {}
[8.305534] (-) TimerEvent: {}
[8.406265] (-) TimerEvent: {}
[8.465503] (complementary_filter_ros2) StdoutLine: {'line': b'-- Found sensor_msgs: 4.2.4 (/opt/ros/humble/share/sensor_msgs/cmake)\n'}
[8.506548] (-) TimerEvent: {}
[8.607303] (-) TimerEvent: {}
[8.708252] (-) TimerEvent: {}
[8.808887] (-) TimerEvent: {}
[8.909501] (-) TimerEvent: {}
[9.010346] (-) TimerEvent: {}
[9.112236] (-) TimerEvent: {}
[9.213933] (-) TimerEvent: {}
[9.314697] (-) TimerEvent: {}
[9.415440] (-) TimerEvent: {}
[9.516157] (-) TimerEvent: {}
[9.617003] (-) TimerEvent: {}
[9.717728] (-) TimerEvent: {}
[9.818428] (-) TimerEvent: {}
[9.919231] (-) TimerEvent: {}
[10.020020] (-) TimerEvent: {}
[10.121055] (-) TimerEvent: {}
[10.221749] (-) TimerEvent: {}
[10.322761] (-) TimerEvent: {}
[10.423891] (-) TimerEvent: {}
[10.524697] (-) TimerEvent: {}
[10.625593] (-) TimerEvent: {}
[10.726498] (-) TimerEvent: {}
[10.739824] (complementary_filter_ros2) StdoutLine: {'line': b'-- Configuring done\n'}
[10.826825] (-) TimerEvent: {}
[10.927638] (-) TimerEvent: {}
[10.957334] (complementary_filter_ros2) StdoutLine: {'line': b'-- Generating done\n'}
[10.984205] (complementary_filter_ros2) StdoutLine: {'line': b'-- Build files have been written to: /home/ubuntu/ros2_ws/build/complementary_filter_ros2\n'}
[11.029202] (-) TimerEvent: {}
[11.034239] (complementary_filter_ros2) StdoutLine: {'line': b'/usr/bin/cmake -E cmake_progress_start /home/ubuntu/ros2_ws/build/complementary_filter_ros2/CMakeFiles /home/ubuntu/ros2_ws/build/complementary_filter_ros2//CMakeFiles/progress.marks\n'}
[11.129465] (-) TimerEvent: {}
[11.230447] (-) TimerEvent: {}
[11.236101] (complementary_filter_ros2) StdoutLine: {'line': b'/usr/bin/gmake  -f CMakeFiles/Makefile2 all\n'}
[11.266740] (complementary_filter_ros2) StdoutLine: {'line': b"gmake[1]: Entering directory '/home/ubuntu/ros2_ws/build/complementary_filter_ros2'\n"}
[11.271788] (complementary_filter_ros2) StdoutLine: {'line': b'/usr/bin/gmake  -f CMakeFiles/complementary_filter_ros2.dir/build.make CMakeFiles/complementary_filter_ros2.dir/depend\n'}
[11.293274] (complementary_filter_ros2) StdoutLine: {'line': b"gmake[2]: Entering directory '/home/ubuntu/ros2_ws/build/complementary_filter_ros2'\n"}
[11.295763] (complementary_filter_ros2) StdoutLine: {'line': b'cd /home/ubuntu/ros2_ws/build/complementary_filter_ros2 && /usr/bin/cmake -E cmake_depends "Unix Makefiles" /home/ubuntu/ros2_ws/src/complementary_filter_ros2 /home/ubuntu/ros2_ws/src/complementary_filter_ros2 /home/ubuntu/ros2_ws/build/complementary_filter_ros2 /home/ubuntu/ros2_ws/build/complementary_filter_ros2 /home/ubuntu/ros2_ws/build/complementary_filter_ros2/CMakeFiles/complementary_filter_ros2.dir/DependInfo.cmake --color=\n'}
[11.330711] (-) TimerEvent: {}
[11.431473] (-) TimerEvent: {}
[11.532177] (-) TimerEvent: {}
[11.633947] (-) TimerEvent: {}
[11.734618] (-) TimerEvent: {}
[11.835424] (-) TimerEvent: {}
[11.849338] (complementary_filter_ros2) StdoutLine: {'line': b'Consolidate compiler generated dependencies of target complementary_filter_ros2\n'}
[11.852933] (complementary_filter_ros2) StdoutLine: {'line': b"gmake[2]: Leaving directory '/home/ubuntu/ros2_ws/build/complementary_filter_ros2'\n"}
[11.855297] (complementary_filter_ros2) StdoutLine: {'line': b'/usr/bin/gmake  -f CMakeFiles/complementary_filter_ros2.dir/build.make CMakeFiles/complementary_filter_ros2.dir/build\n'}
[11.935697] (-) TimerEvent: {}
[11.988196] (complementary_filter_ros2) StdoutLine: {'line': b"gmake[2]: Entering directory '/home/ubuntu/ros2_ws/build/complementary_filter_ros2'\n"}
[12.035982] (-) TimerEvent: {}
[12.094834] (complementary_filter_ros2) StdoutLine: {'line': b'[  6%] Building C object CMakeFiles/complementary_filter_ros2.dir/src/ext_svr.c.o\n'}
[12.113421] (complementary_filter_ros2) StdoutLine: {'line': b'/usr/bin/cc -DDEFAULT_RMW_IMPLEMENTATION=rmw_fastrtps_cpp -DRCUTILS_ENABLE_FAULT_INJECTION -DROS_PACKAGE_NAME=\\"complementary_filter_ros2\\" -I/home/ubuntu/ros2_ws/src/complementary_filter_ros2/include/complementary_filter_ros2 -I/home/ubuntu/ros2_ws/src/complementary_filter_ros2/include -isystem /opt/ros/humble/include/rclcpp -isystem /opt/ros/humble/include/sensor_msgs -isystem /opt/ros/humble/include/ament_index_cpp -isystem /opt/ros/humble/include/libstatistics_collector -isystem /opt/ros/humble/include/builtin_interfaces -isystem /opt/ros/humble/include/rosidl_runtime_c -isystem /opt/ros/humble/include/rcutils -isystem /opt/ros/humble/include/rosidl_typesupport_interface -isystem /opt/ros/humble/include/fastcdr -isystem /opt/ros/humble/include/rosidl_runtime_cpp -isystem /opt/ros/humble/include/rosidl_typesupport_fastrtps_cpp -isystem /opt/ros/humble/include/rmw -isystem /opt/ros/humble/include/rosidl_typesupport_fastrtps_c -isystem /opt/ros/humble/include/rosidl_typesupport_introspection_c -isystem /opt/ros/humble/include/rosidl_typesupport_introspection_cpp -isystem /opt/ros/humble/include/rcl -isystem /opt/ros/humble/include/rcl_interfaces -isystem /opt/ros/humble/include/rcl_logging_interface -isystem /opt/ros/humble/include/rcl_yaml_param_parser -isystem /opt/ros/humble/include/libyaml_vendor -isystem /opt/ros/humble/include/tracetools -isystem /opt/ros/humble/include/rcpputils -isystem /opt/ros/humble/include/statistics_msgs -isystem /opt/ros/humble/include/rosgraph_msgs -isystem /opt/ros/humble/include/rosidl_typesupport_cpp -isystem /opt/ros/humble/include/rosidl_typesupport_c -isystem /opt/ros/humble/include/geometry_msgs -isystem /opt/ros/humble/include/std_msgs -O3 -DNDEBUG -Wall -Wextra -Wpedantic -DMODEL=complementary_filter_ros2 -DNUMST=1 -DNCSTATES=0 -DHAVESTDIO -DMODEL_HAS_DYNAMICALLY_LOADED_SFCNS=0 -DON_TARGET_WAIT_FOR_START=1 -DCLASSIC_INTERFACE=0 -DALLOCATIONFCN=0 -DTID01EQ=0 -DTERMFCN=1 -DONESTEPFCN=1 -DMAT_FILE=0 -DMULTI_INSTANCE_CODE=0 -DEXT_MODE=1 -DINTEGER_CODE=0 -DMT=0 -DROS2_PROJECT -DSTACK_SIZE=64 -D__MW_TARGET_USE_HARDWARE_RESOURCES_H__ -DRT=RT -fpermissive -std=gnu99 -MD -MT CMakeFiles/complementary_filter_ros2.dir/src/ext_svr.c.o -MF CMakeFiles/complementary_filter_ros2.dir/src/ext_svr.c.o.d -o CMakeFiles/complementary_filter_ros2.dir/src/ext_svr.c.o -c /home/ubuntu/ros2_ws/src/complementary_filter_ros2/src/ext_svr.c\n'}
[12.136284] (-) TimerEvent: {}
[12.182223] (complementary_filter_ros2) StderrLine: {'line': b"cc1: warning: command-line option '-fpermissive' is valid for C++/ObjC++ but not for C\n"}
[12.236434] (-) TimerEvent: {}
[12.337020] (-) TimerEvent: {}
[12.437822] (-) TimerEvent: {}
[12.538675] (-) TimerEvent: {}
[12.639499] (-) TimerEvent: {}
[12.740345] (-) TimerEvent: {}
[12.841150] (-) TimerEvent: {}
[12.943426] (-) TimerEvent: {}
[13.044318] (-) TimerEvent: {}
[13.145098] (-) TimerEvent: {}
[13.245948] (-) TimerEvent: {}
[13.346745] (-) TimerEvent: {}
[13.447560] (-) TimerEvent: {}
[13.548267] (-) TimerEvent: {}
[13.651435] (-) TimerEvent: {}
[13.752186] (-) TimerEvent: {}
[13.853041] (-) TimerEvent: {}
[13.953885] (-) TimerEvent: {}
[14.054730] (-) TimerEvent: {}
[14.159379] (-) TimerEvent: {}
[14.260473] (-) TimerEvent: {}
[14.363478] (-) TimerEvent: {}
[14.464176] (-) TimerEvent: {}
[14.564917] (-) TimerEvent: {}
[14.665624] (-) TimerEvent: {}
[14.669857] (complementary_filter_ros2) StdoutLine: {'line': b'[ 12%] Building C object CMakeFiles/complementary_filter_ros2.dir/src/updown.c.o\n'}
[14.683392] (complementary_filter_ros2) StdoutLine: {'line': b'/usr/bin/cc -DDEFAULT_RMW_IMPLEMENTATION=rmw_fastrtps_cpp -DRCUTILS_ENABLE_FAULT_INJECTION -DROS_PACKAGE_NAME=\\"complementary_filter_ros2\\" -I/home/ubuntu/ros2_ws/src/complementary_filter_ros2/include/complementary_filter_ros2 -I/home/ubuntu/ros2_ws/src/complementary_filter_ros2/include -isystem /opt/ros/humble/include/rclcpp -isystem /opt/ros/humble/include/sensor_msgs -isystem /opt/ros/humble/include/ament_index_cpp -isystem /opt/ros/humble/include/libstatistics_collector -isystem /opt/ros/humble/include/builtin_interfaces -isystem /opt/ros/humble/include/rosidl_runtime_c -isystem /opt/ros/humble/include/rcutils -isystem /opt/ros/humble/include/rosidl_typesupport_interface -isystem /opt/ros/humble/include/fastcdr -isystem /opt/ros/humble/include/rosidl_runtime_cpp -isystem /opt/ros/humble/include/rosidl_typesupport_fastrtps_cpp -isystem /opt/ros/humble/include/rmw -isystem /opt/ros/humble/include/rosidl_typesupport_fastrtps_c -isystem /opt/ros/humble/include/rosidl_typesupport_introspection_c -isystem /opt/ros/humble/include/rosidl_typesupport_introspection_cpp -isystem /opt/ros/humble/include/rcl -isystem /opt/ros/humble/include/rcl_interfaces -isystem /opt/ros/humble/include/rcl_logging_interface -isystem /opt/ros/humble/include/rcl_yaml_param_parser -isystem /opt/ros/humble/include/libyaml_vendor -isystem /opt/ros/humble/include/tracetools -isystem /opt/ros/humble/include/rcpputils -isystem /opt/ros/humble/include/statistics_msgs -isystem /opt/ros/humble/include/rosgraph_msgs -isystem /opt/ros/humble/include/rosidl_typesupport_cpp -isystem /opt/ros/humble/include/rosidl_typesupport_c -isystem /opt/ros/humble/include/geometry_msgs -isystem /opt/ros/humble/include/std_msgs -O3 -DNDEBUG -Wall -Wextra -Wpedantic -DMODEL=complementary_filter_ros2 -DNUMST=1 -DNCSTATES=0 -DHAVESTDIO -DMODEL_HAS_DYNAMICALLY_LOADED_SFCNS=0 -DON_TARGET_WAIT_FOR_START=1 -DCLASSIC_INTERFACE=0 -DALLOCATIONFCN=0 -DTID01EQ=0 -DTERMFCN=1 -DONESTEPFCN=1 -DMAT_FILE=0 -DMULTI_INSTANCE_CODE=0 -DEXT_MODE=1 -DINTEGER_CODE=0 -DMT=0 -DROS2_PROJECT -DSTACK_SIZE=64 -D__MW_TARGET_USE_HARDWARE_RESOURCES_H__ -DRT=RT -fpermissive -std=gnu99 -MD -MT CMakeFiles/complementary_filter_ros2.dir/src/updown.c.o -MF CMakeFiles/complementary_filter_ros2.dir/src/updown.c.o.d -o CMakeFiles/complementary_filter_ros2.dir/src/updown.c.o -c /home/ubuntu/ros2_ws/src/complementary_filter_ros2/src/updown.c\n'}
[14.739384] (complementary_filter_ros2) StderrLine: {'line': b"cc1: warning: command-line option '-fpermissive' is valid for C++/ObjC++ but not for C\n"}
[14.765971] (-) TimerEvent: {}
[14.866743] (-) TimerEvent: {}
[14.967576] (-) TimerEvent: {}
[15.068250] (-) TimerEvent: {}
[15.168984] (-) TimerEvent: {}
[15.269773] (-) TimerEvent: {}
[15.370642] (-) TimerEvent: {}
[15.475977] (-) TimerEvent: {}
[15.576580] (-) TimerEvent: {}
[15.677176] (-) TimerEvent: {}
[15.777893] (-) TimerEvent: {}
[15.878585] (-) TimerEvent: {}
[15.979318] (-) TimerEvent: {}
[16.080042] (-) TimerEvent: {}
[16.180782] (-) TimerEvent: {}
[16.281594] (-) TimerEvent: {}
[16.382407] (-) TimerEvent: {}
[16.483243] (-) TimerEvent: {}
[16.584037] (-) TimerEvent: {}
[16.687298] (-) TimerEvent: {}
[16.791344] (-) TimerEvent: {}
[16.892081] (-) TimerEvent: {}
[16.992910] (-) TimerEvent: {}
[17.093713] (-) TimerEvent: {}
[17.194428] (-) TimerEvent: {}
[17.295267] (-) TimerEvent: {}
[17.396006] (-) TimerEvent: {}
[17.499284] (-) TimerEvent: {}
[17.600030] (-) TimerEvent: {}
[17.680462] (complementary_filter_ros2) StdoutLine: {'line': b'[ 18%] Building C object CMakeFiles/complementary_filter_ros2.dir/src/rtiostream_utils.c.o\n'}
[17.687426] (complementary_filter_ros2) StdoutLine: {'line': b'/usr/bin/cc -DDEFAULT_RMW_IMPLEMENTATION=rmw_fastrtps_cpp -DRCUTILS_ENABLE_FAULT_INJECTION -DROS_PACKAGE_NAME=\\"complementary_filter_ros2\\" -I/home/ubuntu/ros2_ws/src/complementary_filter_ros2/include/complementary_filter_ros2 -I/home/ubuntu/ros2_ws/src/complementary_filter_ros2/include -isystem /opt/ros/humble/include/rclcpp -isystem /opt/ros/humble/include/sensor_msgs -isystem /opt/ros/humble/include/ament_index_cpp -isystem /opt/ros/humble/include/libstatistics_collector -isystem /opt/ros/humble/include/builtin_interfaces -isystem /opt/ros/humble/include/rosidl_runtime_c -isystem /opt/ros/humble/include/rcutils -isystem /opt/ros/humble/include/rosidl_typesupport_interface -isystem /opt/ros/humble/include/fastcdr -isystem /opt/ros/humble/include/rosidl_runtime_cpp -isystem /opt/ros/humble/include/rosidl_typesupport_fastrtps_cpp -isystem /opt/ros/humble/include/rmw -isystem /opt/ros/humble/include/rosidl_typesupport_fastrtps_c -isystem /opt/ros/humble/include/rosidl_typesupport_introspection_c -isystem /opt/ros/humble/include/rosidl_typesupport_introspection_cpp -isystem /opt/ros/humble/include/rcl -isystem /opt/ros/humble/include/rcl_interfaces -isystem /opt/ros/humble/include/rcl_logging_interface -isystem /opt/ros/humble/include/rcl_yaml_param_parser -isystem /opt/ros/humble/include/libyaml_vendor -isystem /opt/ros/humble/include/tracetools -isystem /opt/ros/humble/include/rcpputils -isystem /opt/ros/humble/include/statistics_msgs -isystem /opt/ros/humble/include/rosgraph_msgs -isystem /opt/ros/humble/include/rosidl_typesupport_cpp -isystem /opt/ros/humble/include/rosidl_typesupport_c -isystem /opt/ros/humble/include/geometry_msgs -isystem /opt/ros/humble/include/std_msgs -O3 -DNDEBUG -Wall -Wextra -Wpedantic -DMODEL=complementary_filter_ros2 -DNUMST=1 -DNCSTATES=0 -DHAVESTDIO -DMODEL_HAS_DYNAMICALLY_LOADED_SFCNS=0 -DON_TARGET_WAIT_FOR_START=1 -DCLASSIC_INTERFACE=0 -DALLOCATIONFCN=0 -DTID01EQ=0 -DTERMFCN=1 -DONESTEPFCN=1 -DMAT_FILE=0 -DMULTI_INSTANCE_CODE=0 -DEXT_MODE=1 -DINTEGER_CODE=0 -DMT=0 -DROS2_PROJECT -DSTACK_SIZE=64 -D__MW_TARGET_USE_HARDWARE_RESOURCES_H__ -DRT=RT -fpermissive -std=gnu99 -MD -MT CMakeFiles/complementary_filter_ros2.dir/src/rtiostream_utils.c.o -MF CMakeFiles/complementary_filter_ros2.dir/src/rtiostream_utils.c.o.d -o CMakeFiles/complementary_filter_ros2.dir/src/rtiostream_utils.c.o -c /home/ubuntu/ros2_ws/src/complementary_filter_ros2/src/rtiostream_utils.c\n'}
[17.700353] (-) TimerEvent: {}
[17.745679] (complementary_filter_ros2) StderrLine: {'line': b"cc1: warning: command-line option '-fpermissive' is valid for C++/ObjC++ but not for C\n"}
[17.800645] (-) TimerEvent: {}
[17.906318] (-) TimerEvent: {}
[18.007168] (-) TimerEvent: {}
[18.109755] (-) TimerEvent: {}
[18.163993] (complementary_filter_ros2) StdoutLine: {'line': b'[ 25%] Building CXX object CMakeFiles/complementary_filter_ros2.dir/src/complementary_filter_ros2.cpp.o\n'}
[18.176320] (complementary_filter_ros2) StdoutLine: {'line': b'/usr/bin/c++ -DDEFAULT_RMW_IMPLEMENTATION=rmw_fastrtps_cpp -DRCUTILS_ENABLE_FAULT_INJECTION -DROS_PACKAGE_NAME=\\"complementary_filter_ros2\\" -I/home/ubuntu/ros2_ws/src/complementary_filter_ros2/include/complementary_filter_ros2 -I/home/ubuntu/ros2_ws/src/complementary_filter_ros2/include -isystem /opt/ros/humble/include/rclcpp -isystem /opt/ros/humble/include/sensor_msgs -isystem /opt/ros/humble/include/ament_index_cpp -isystem /opt/ros/humble/include/libstatistics_collector -isystem /opt/ros/humble/include/builtin_interfaces -isystem /opt/ros/humble/include/rosidl_runtime_c -isystem /opt/ros/humble/include/rcutils -isystem /opt/ros/humble/include/rosidl_typesupport_interface -isystem /opt/ros/humble/include/fastcdr -isystem /opt/ros/humble/include/rosidl_runtime_cpp -isystem /opt/ros/humble/include/rosidl_typesupport_fastrtps_cpp -isystem /opt/ros/humble/include/rmw -isystem /opt/ros/humble/include/rosidl_typesupport_fastrtps_c -isystem /opt/ros/humble/include/rosidl_typesupport_introspection_c -isystem /opt/ros/humble/include/rosidl_typesupport_introspection_cpp -isystem /opt/ros/humble/include/rcl -isystem /opt/ros/humble/include/rcl_interfaces -isystem /opt/ros/humble/include/rcl_logging_interface -isystem /opt/ros/humble/include/rcl_yaml_param_parser -isystem /opt/ros/humble/include/libyaml_vendor -isystem /opt/ros/humble/include/tracetools -isystem /opt/ros/humble/include/rcpputils -isystem /opt/ros/humble/include/statistics_msgs -isystem /opt/ros/humble/include/rosgraph_msgs -isystem /opt/ros/humble/include/rosidl_typesupport_cpp -isystem /opt/ros/humble/include/rosidl_typesupport_c -isystem /opt/ros/humble/include/geometry_msgs -isystem /opt/ros/humble/include/std_msgs -O3 -DNDEBUG -Wall -Wextra -Wpedantic -DMODEL=complementary_filter_ros2 -DNUMST=1 -DNCSTATES=0 -DHAVESTDIO -DMODEL_HAS_DYNAMICALLY_LOADED_SFCNS=0 -DON_TARGET_WAIT_FOR_START=1 -DCLASSIC_INTERFACE=0 -DALLOCATIONFCN=0 -DTID01EQ=0 -DTERMFCN=1 -DONESTEPFCN=1 -DMAT_FILE=0 -DMULTI_INSTANCE_CODE=0 -DEXT_MODE=1 -DINTEGER_CODE=0 -DMT=0 -DROS2_PROJECT -DSTACK_SIZE=64 -D__MW_TARGET_USE_HARDWARE_RESOURCES_H__ -DRT=RT -fpermissive -MD -MT CMakeFiles/complementary_filter_ros2.dir/src/complementary_filter_ros2.cpp.o -MF CMakeFiles/complementary_filter_ros2.dir/src/complementary_filter_ros2.cpp.o.d -o CMakeFiles/complementary_filter_ros2.dir/src/complementary_filter_ros2.cpp.o -c /home/ubuntu/ros2_ws/src/complementary_filter_ros2/src/complementary_filter_ros2.cpp\n'}
[18.210001] (-) TimerEvent: {}
[18.310696] (-) TimerEvent: {}
[18.411544] (-) TimerEvent: {}
[18.512380] (-) TimerEvent: {}
[18.614048] (-) TimerEvent: {}
[18.717670] (-) TimerEvent: {}
[18.818340] (-) TimerEvent: {}
[18.919249] (-) TimerEvent: {}
[19.019850] (-) TimerEvent: {}
[19.120375] (-) TimerEvent: {}
[19.221134] (-) TimerEvent: {}
[19.321877] (-) TimerEvent: {}
[19.423181] (-) TimerEvent: {}
[19.524382] (-) TimerEvent: {}
[19.625166] (-) TimerEvent: {}
[19.725879] (-) TimerEvent: {}
[19.826604] (-) TimerEvent: {}
[19.927382] (-) TimerEvent: {}
[20.028112] (-) TimerEvent: {}
[20.128808] (-) TimerEvent: {}
[20.229519] (-) TimerEvent: {}
[20.330468] (-) TimerEvent: {}
[20.431646] (-) TimerEvent: {}
[20.532385] (-) TimerEvent: {}
[20.633131] (-) TimerEvent: {}
[20.733869] (-) TimerEvent: {}
[20.834703] (-) TimerEvent: {}
[20.935601] (-) TimerEvent: {}
[21.036342] (-) TimerEvent: {}
[21.137067] (-) TimerEvent: {}
[21.237935] (-) TimerEvent: {}
[21.338652] (-) TimerEvent: {}
[21.439665] (-) TimerEvent: {}
[21.540367] (-) TimerEvent: {}
[21.641106] (-) TimerEvent: {}
[21.741866] (-) TimerEvent: {}
[21.842736] (-) TimerEvent: {}
[21.943538] (-) TimerEvent: {}
[22.044229] (-) TimerEvent: {}
[22.145575] (-) TimerEvent: {}
[22.246297] (-) TimerEvent: {}
[22.346941] (-) TimerEvent: {}
[22.447496] (-) TimerEvent: {}
[22.548224] (-) TimerEvent: {}
[22.648995] (-) TimerEvent: {}
[22.749689] (-) TimerEvent: {}
[22.851470] (-) TimerEvent: {}
[22.952191] (-) TimerEvent: {}
[23.039538] (complementary_filter_ros2) StderrLine: {'line': b'/home/ubuntu/ros2_ws/src/complementary_filter_ros2/src/complementary_filter_ros2.cpp:23:10: fatal error: emmintrin.h: No such file or directory\n'}
[23.040818] (complementary_filter_ros2) StderrLine: {'line': b'   23 | #include <emmintrin.h>\n'}
[23.041831] (complementary_filter_ros2) StderrLine: {'line': b'      |          ^~~~~~~~~~~~~\n'}
[23.042708] (complementary_filter_ros2) StderrLine: {'line': b'compilation terminated.\n'}
[23.067375] (-) TimerEvent: {}
[23.084820] (complementary_filter_ros2) StderrLine: {'line': b'gmake[2]: *** [CMakeFiles/complementary_filter_ros2.dir/build.make:163: CMakeFiles/complementary_filter_ros2.dir/src/complementary_filter_ros2.cpp.o] Error 1\n'}
[23.086106] (complementary_filter_ros2) StdoutLine: {'line': b"gmake[2]: Leaving directory '/home/ubuntu/ros2_ws/build/complementary_filter_ros2'\n"}
[23.094914] (complementary_filter_ros2) StderrLine: {'line': b'gmake[1]: *** [CMakeFiles/Makefile2:140: CMakeFiles/complementary_filter_ros2.dir/all] Error 2\n'}
[23.096439] (complementary_filter_ros2) StderrLine: {'line': b'gmake: *** [Makefile:149: all] Error 2\n'}
[23.097463] (complementary_filter_ros2) StdoutLine: {'line': b"gmake[1]: Leaving directory '/home/ubuntu/ros2_ws/build/complementary_filter_ros2'\n"}
[23.126269] (complementary_filter_ros2) CommandEnded: {'returncode': 2}
[23.171351] (-) TimerEvent: {}
[23.272097] (-) TimerEvent: {}
[23.372842] (-) TimerEvent: {}
[23.473540] (-) TimerEvent: {}
[23.574325] (-) TimerEvent: {}
[23.675326] (-) TimerEvent: {}
[23.776141] (-) TimerEvent: {}
[23.876868] (-) TimerEvent: {}
[23.977556] (-) TimerEvent: {}
[24.078322] (-) TimerEvent: {}
[24.179101] (-) TimerEvent: {}
[24.279864] (-) TimerEvent: {}
[24.380646] (-) TimerEvent: {}
[24.495538] (-) TimerEvent: {}
[24.580507] (complementary_filter_ros2) JobEnded: {'identifier': 'complementary_filter_ros2', 'rc': 2}
[24.595510] (-) EventReactorShutdown: {}
